#
# There is insufficient memory for the Java Runtime Environment to continue.
# Native memory allocation (mmap) failed to map 36700160 bytes for Failed to commit area from 0x000000008ab00000 to 0x000000008ce00000 of length 36700160.
# Possible reasons:
#   The system is out of physical RAM or swap space
#   The process is running with CompressedOops enabled, and the Java Heap may be blocking the growth of the native heap
# Possible solutions:
#   Reduce memory load on the system
#   Increase physical memory or swap space
#   Check if swap backing store is full
#   Decrease Java heap size (-Xmx/-Xms)
#   Decrease number of Java threads
#   Decrease Java thread stack sizes (-Xss)
#   Set larger code cache with -XX:ReservedCodeCacheSize=
#   JVM is running with Unscaled Compressed Oops mode in which the Java heap is
#     placed in the first 4GB address space. The Java Heap base address is the
#     maximum limit for the native heap growth. Please use -XX:HeapBaseMinAddress
#     to set the Java Heap base and to place the Java Heap above 4GB virtual address.
# This output file may be truncated or incomplete.
#
#  Out of Memory Error (./src/hotspot/os/windows/os_windows.cpp:3521), pid=10748, tid=17472
#
# JRE version: OpenJDK Runtime Environment (11.0.12+7) (build 11.0.12+7-b1504.28-7817840)
# Java VM: OpenJDK 64-Bit Server VM (11.0.12+7-b1504.28-7817840, mixed mode, tiered, compressed oops, g1 gc, windows-amd64)
# No core dump will be written. Minidumps are not enabled by default on client versions of Windows
#

---------------  S U M M A R Y ------------

Command Line: --add-opens=java.base/java.util=ALL-UNNAMED --add-opens=java.base/java.lang=ALL-UNNAMED --add-opens=java.base/java.lang.invoke=ALL-UNNAMED --add-opens=java.base/java.util=ALL-UNNAMED --add-opens=java.prefs/java.util.prefs=ALL-UNNAMED --add-opens=java.prefs/java.util.prefs=ALL-UNNAMED --add-opens=java.base/java.nio.charset=ALL-UNNAMED --add-opens=java.base/java.net=ALL-UNNAMED --add-opens=java.base/java.util.concurrent.atomic=ALL-UNNAMED -Xmx2048m -Dfile.encoding=UTF-8 -Duser.country=ES -Duser.language=es -Duser.variant org.gradle.launcher.daemon.bootstrap.GradleDaemon 7.3.3

Host: AMD Ryzen 5 5600H with Radeon Graphics         , 12 cores, 7G,  Windows 10 , 64 bit Build 19041 (10.0.19041.2251)
Time: Sat Dec 17 17:43:00 2022 Hora est烱dar romance elapsed time: 15.926482 seconds (0d 0h 0m 15s)

---------------  T H R E A D  ---------------

Current thread (0x000001e1021b6800):  VMThread "VM Thread" [stack: 0x0000002ec6100000,0x0000002ec6200000] [id=17472]

Stack: [0x0000002ec6100000,0x0000002ec6200000]
[error occurred during error reporting (printing stack bounds), id 0xc0000005, EXCEPTION_ACCESS_VIOLATION (0xc0000005) at pc=0x000001e16b25112d]

Native frames: (J=compiled Java code, j=interpreted, Vv=VM code, C=native code)
V  [jvm.dll+0x5fbcea]
V  [jvm.dll+0x731905]
V  [jvm.dll+0x732f1d]
V  [jvm.dll+0x733535]
V  [jvm.dll+0x7334eb]
V  [jvm.dll+0x5fb080]
V  [jvm.dll+0x5fb818]
C  [ntdll.dll+0xa241f]
C  [ntdll.dll+0x514a4]
C  [ntdll.dll+0xa0f4e]
C  0x000001e16b25112d

VM_Operation (0x0000002ec7bf8620): G1CollectForAllocation, mode: safepoint, requested by thread 0x000001e10386f800


---------------  P R O C E S S  ---------------

Threads class SMR info:
_java_thread_list=0x000001e10af02270, length=170, elements={
0x000001e16773c000, 0x000001e1021b8800, 0x000001e1021c6800, 0x000001e1021d0800,
0x000001e1021d2800, 0x000001e1021d3000, 0x000001e1021de800, 0x000001e1021e8800,
0x000001e1021eb800, 0x000001e102b91800, 0x000001e10415a000, 0x000001e10445d000,
0x000001e104bb7000, 0x000001e104008800, 0x000001e103a1c000, 0x000001e104186000,
0x000001e10386f800, 0x000001e10453f000, 0x000001e104540000, 0x000001e104cb3800,
0x000001e104cb2800, 0x000001e104cb5000, 0x000001e104cb4000, 0x000001e104cb1000,
0x000001e104cb5800, 0x000001e104cb0000, 0x000001e104cb6800, 0x000001e104cb1800,
0x000001e105022800, 0x000001e105023000, 0x000001e105020000, 0x000001e105021000,
0x000001e105021800, 0x000001e10501d800, 0x000001e105024000, 0x000001e10501e800,
0x000001e10501f000, 0x000001e105240800, 0x000001e10523f800, 0x000001e10523e000,
0x000001e10523e800, 0x000001e105241000, 0x000001e10523c800, 0x000001e10523d000,
0x000001e1077c8800, 0x000001e1077cd800, 0x000001e1077c7800, 0x000001e1077c9800,
0x000001e1077ca000, 0x000001e1077d0800, 0x000001e1077cb000, 0x000001e1077ce800,
0x000001e1077cf000, 0x000001e1077d1800, 0x000001e1077cc000, 0x000001e1077d2800,
0x000001e1077d0000, 0x000001e1077cc800, 0x000001e1077d6800, 0x000001e1077d5800,
0x000001e1077d3000, 0x000001e1077d4000, 0x000001e1077d5000, 0x000001e102e7b000,
0x000001e102e7e800, 0x000001e102e79800, 0x000001e102e78800, 0x000001e102e7f000,
0x000001e102e7a800, 0x000001e102e80000, 0x000001e102e7d800, 0x000001e102e81000,
0x000001e102e81800, 0x000001e102e7c000, 0x000001e102e82800, 0x000001e102e7c800,
0x000001e102e84000, 0x000001e102e85000, 0x000001e102e85800, 0x000001e102e83800,
0x000001e102e86800, 0x000001e102e87800, 0x000001e10508c000, 0x000001e105090800,
0x000001e105091800, 0x000001e105092800, 0x000001e10508c800, 0x000001e105093000,
0x000001e105090000, 0x000001e10508d800, 0x000001e10508f000, 0x000001e10508e800,
0x000001e105098000, 0x000001e105099800, 0x000001e105094000, 0x000001e105097000,
0x000001e105099000, 0x000001e105095000, 0x000001e10509a800, 0x000001e105095800,
0x000001e105096800, 0x000001e1074fc000, 0x000001e1074ff800, 0x000001e107501000,
0x000001e1074fb800, 0x000001e107502800, 0x000001e1074fe800, 0x000001e107502000,
0x000001e1074fd000, 0x000001e107500000, 0x000001e107503800, 0x000001e1074fd800,
0x000001e10750a000, 0x000001e107505000, 0x000001e107506800, 0x000001e107507800,
0x000001e107508800, 0x000001e107506000, 0x000001e107509000, 0x000001e107504000,
0x000001e108ede800, 0x000001e108ed9800, 0x000001e108eda800, 0x000001e108ed9000,
0x000001e108ee1000, 0x000001e108edb000, 0x000001e108edd000, 0x000001e108ee0000,
0x000001e108edc000, 0x000001e108ee2800, 0x000001e108edd800, 0x000001e108ee2000,
0x000001e108ee3800, 0x000001e108ee4000, 0x000001e108edf800, 0x000001e108ee7800,
0x000001e108ee5000, 0x000001e108ee6000, 0x000001e108ee6800, 0x000001e108e8b800,
0x000001e108e8f000, 0x000001e108e8e000, 0x000001e108e8b000, 0x000001e108e8c800,
0x000001e108e90000, 0x000001e108e8a000, 0x000001e108e90800, 0x000001e108e93000,
0x000001e108e8d800, 0x000001e108e94000, 0x000001e108e96800, 0x000001e108e94800,
0x000001e108e92000, 0x000001e108e95800, 0x000001e108e97000, 0x000001e108e91800,
0x000001e108e98000, 0x000001e108e98800, 0x000001e1079cc000, 0x000001e1079cb000,
0x000001e1079c6800, 0x000001e1079c8800, 0x000001e1079c9800, 0x000001e1079c7000,
0x000001e1079ca800, 0x000001e1079cd000, 0x000001e1079cd800, 0x000001e1079c8000,
0x000001e10cfaf000, 0x000001e10cfb3000
}

Java Threads: ( => current thread )
  0x000001e16773c000 JavaThread "main" [_thread_blocked, id=15704, stack(0x0000002ec5b00000,0x0000002ec5c00000)]
  0x000001e1021b8800 JavaThread "Reference Handler" daemon [_thread_blocked, id=16420, stack(0x0000002ec6200000,0x0000002ec6300000)]
  0x000001e1021c6800 JavaThread "Finalizer" daemon [_thread_blocked, id=17324, stack(0x0000002ec6300000,0x0000002ec6400000)]
  0x000001e1021d0800 JavaThread "Signal Dispatcher" daemon [_thread_blocked, id=15088, stack(0x0000002ec6400000,0x0000002ec6500000)]
  0x000001e1021d2800 JavaThread "Attach Listener" daemon [_thread_blocked, id=4772, stack(0x0000002ec6500000,0x0000002ec6600000)]
  0x000001e1021d3000 JavaThread "Service Thread" daemon [_thread_blocked, id=6016, stack(0x0000002ec6600000,0x0000002ec6700000)]
  0x000001e1021de800 JavaThread "C2 CompilerThread0" daemon [_thread_in_native, id=11140, stack(0x0000002ec6700000,0x0000002ec6800000)]
  0x000001e1021e8800 JavaThread "C1 CompilerThread0" daemon [_thread_blocked, id=16648, stack(0x0000002ec6800000,0x0000002ec6900000)]
  0x000001e1021eb800 JavaThread "Sweeper thread" daemon [_thread_blocked, id=1956, stack(0x0000002ec6900000,0x0000002ec6a00000)]
  0x000001e102b91800 JavaThread "Common-Cleaner" daemon [_thread_blocked, id=11628, stack(0x0000002ec6a00000,0x0000002ec6b00000)]
  0x000001e10415a000 JavaThread "Daemon health stats" [_thread_blocked, id=10932, stack(0x0000002ec6d00000,0x0000002ec6e00000)]
  0x000001e10445d000 JavaThread "Incoming local TCP Connector on port 50931" [_thread_in_native, id=18764, stack(0x0000002ec6e00000,0x0000002ec6f00000)]
  0x000001e104bb7000 JavaThread "Daemon periodic checks" [_thread_blocked, id=5260, stack(0x0000002ec6f00000,0x0000002ec7000000)]
  0x000001e104008800 JavaThread "Daemon" [_thread_blocked, id=19132, stack(0x0000002ec7000000,0x0000002ec7100000)]
  0x000001e103a1c000 JavaThread "Handler for socket connection from /127.0.0.1:50931 to /127.0.0.1:50932" [_thread_in_native, id=2316, stack(0x0000002ec7100000,0x0000002ec7200000)]
  0x000001e104186000 JavaThread "Cancel handler" [_thread_blocked, id=9612, stack(0x0000002ec7a00000,0x0000002ec7b00000)]
  0x000001e10386f800 JavaThread "Daemon worker" [_thread_blocked, id=3584, stack(0x0000002ec7b00000,0x0000002ec7c00000)]
  0x000001e10453f000 JavaThread "Asynchronous log dispatcher for DefaultDaemonConnection: socket connection from /127.0.0.1:50931 to /127.0.0.1:50932" [_thread_blocked, id=10456, stack(0x0000002ec7c00000,0x0000002ec7d00000)]
  0x000001e104540000 JavaThread "Stdin handler" [_thread_blocked, id=8260, stack(0x0000002ec7d00000,0x0000002ec7e00000)]
  0x000001e104cb3800 JavaThread "Daemon client event forwarder" [_thread_blocked, id=316, stack(0x0000002ec7e00000,0x0000002ec7f00000)]
  0x000001e104cb2800 JavaThread "Cache worker for journal cache (C:\Users\Carlos S치nchez Abad\.gradle\caches\journal-1)" [_thread_blocked, id=4728, stack(0x0000002ec7f00000,0x0000002ec8000000)]
  0x000001e104cb5000 JavaThread "File lock request listener" [_thread_in_native, id=7096, stack(0x0000002ec8000000,0x0000002ec8100000)]
  0x000001e104cb4000 JavaThread "Cache worker for file hash cache (C:\Users\Carlos S치nchez Abad\.gradle\caches\7.3.3\fileHashes)" [_thread_blocked, id=15332, stack(0x0000002ec8300000,0x0000002ec8400000)]
  0x000001e104cb1000 JavaThread "Cache worker for file hash cache (E:\2n DAM-VIOD\StreamComics\.gradle\7.3.3\fileHashes)" [_thread_blocked, id=18164, stack(0x0000002ec8400000,0x0000002ec8500000)]
  0x000001e104cb5800 JavaThread "File watcher server" daemon [_thread_in_native, id=14312, stack(0x0000002ec8500000,0x0000002ec8600000)]
  0x000001e104cb0000 JavaThread "File watcher consumer" daemon [_thread_blocked, id=16924, stack(0x0000002ec8600000,0x0000002ec8700000)]
  0x000001e104cb6800 JavaThread "jar transforms" [_thread_blocked, id=10564, stack(0x0000002ec8700000,0x0000002ec8800000)]
  0x000001e104cb1800 JavaThread "jar transforms Thread 2" [_thread_blocked, id=5604, stack(0x0000002ec8800000,0x0000002ec8900000)]
  0x000001e105022800 JavaThread "jar transforms Thread 3" [_thread_blocked, id=14544, stack(0x0000002ec8900000,0x0000002ec8a00000)]
  0x000001e105023000 JavaThread "jar transforms Thread 4" [_thread_blocked, id=14084, stack(0x0000002ec8a00000,0x0000002ec8b00000)]
  0x000001e105020000 JavaThread "jar transforms Thread 5" [_thread_blocked, id=11132, stack(0x0000002ec8b00000,0x0000002ec8c00000)]
  0x000001e105021000 JavaThread "jar transforms Thread 6" [_thread_blocked, id=11704, stack(0x0000002ec8c00000,0x0000002ec8d00000)]
  0x000001e105021800 JavaThread "jar transforms Thread 7" [_thread_blocked, id=9952, stack(0x0000002ec8d00000,0x0000002ec8e00000)]
  0x000001e10501d800 JavaThread "jar transforms Thread 8" [_thread_blocked, id=17684, stack(0x0000002ec8e00000,0x0000002ec8f00000)]
  0x000001e105024000 JavaThread "jar transforms Thread 9" [_thread_blocked, id=7840, stack(0x0000002ec8f00000,0x0000002ec9000000)]
  0x000001e10501e800 JavaThread "jar transforms Thread 10" [_thread_blocked, id=16612, stack(0x0000002ec9000000,0x0000002ec9100000)]
  0x000001e10501f000 JavaThread "jar transforms Thread 11" [_thread_blocked, id=2660, stack(0x0000002ec9100000,0x0000002ec9200000)]
  0x000001e105240800 JavaThread "jar transforms Thread 12" [_thread_blocked, id=11788, stack(0x0000002ec9200000,0x0000002ec9300000)]
  0x000001e10523f800 JavaThread "Cache worker for checksums cache (E:\2n DAM-VIOD\StreamComics\.gradle\7.3.3\checksums)" [_thread_blocked, id=15576, stack(0x0000002ec9300000,0x0000002ec9400000)]
  0x000001e10523e000 JavaThread "Cache worker for cache directory md-supplier (C:\Users\Carlos S치nchez Abad\.gradle\caches\7.3.3\md-supplier)" [_thread_blocked, id=17248, stack(0x0000002ec9400000,0x0000002ec9500000)]
  0x000001e10523e800 JavaThread "Cache worker for cache directory md-rule (C:\Users\Carlos S치nchez Abad\.gradle\caches\7.3.3\md-rule)" [_thread_blocked, id=8524, stack(0x0000002ec9500000,0x0000002ec9600000)]
  0x000001e105241000 JavaThread "Cache worker for execution history cache (C:\Users\Carlos S치nchez Abad\.gradle\caches\7.3.3\executionHistory)" [_thread_blocked, id=1756, stack(0x0000002ec9600000,0x0000002ec9700000)]
  0x000001e10523c800 JavaThread "Cache worker for file content cache (C:\Users\Carlos S치nchez Abad\.gradle\caches\7.3.3\fileContent)" [_thread_blocked, id=1536, stack(0x0000002ec9700000,0x0000002ec9800000)]
  0x000001e10523d000 JavaThread "Cache worker for dependencies-accessors (E:\2n DAM-VIOD\StreamComics\.gradle\7.3.3\dependencies-accessors)" [_thread_blocked, id=17168, stack(0x0000002ec9800000,0x0000002ec9900000)]
  0x000001e1077c8800 JavaThread "Cache worker for Build Output Cleanup Cache (E:\2n DAM-VIOD\StreamComics\.gradle\buildOutputCleanup)" [_thread_blocked, id=10356, stack(0x0000002ec9900000,0x0000002ec9a00000)]
  0x000001e1077cd800 JavaThread "Unconstrained build operations" [_thread_blocked, id=18872, stack(0x0000002ec9a00000,0x0000002ec9b00000)]
  0x000001e1077c7800 JavaThread "Unconstrained build operations Thread 2" [_thread_blocked, id=18652, stack(0x0000002ec9b00000,0x0000002ec9c00000)]
  0x000001e1077c9800 JavaThread "Unconstrained build operations Thread 3" [_thread_blocked, id=13996, stack(0x0000002ec9c00000,0x0000002ec9d00000)]
  0x000001e1077ca000 JavaThread "Unconstrained build operations Thread 4" [_thread_blocked, id=18684, stack(0x0000002ec9d00000,0x0000002ec9e00000)]
  0x000001e1077d0800 JavaThread "Unconstrained build operations Thread 5" [_thread_blocked, id=18688, stack(0x0000002ec9e00000,0x0000002ec9f00000)]
  0x000001e1077cb000 JavaThread "Unconstrained build operations Thread 6" [_thread_blocked, id=13916, stack(0x0000002ec9f00000,0x0000002eca000000)]
  0x000001e1077ce800 JavaThread "Unconstrained build operations Thread 7" [_thread_blocked, id=10228, stack(0x0000002eca000000,0x0000002eca100000)]
  0x000001e1077cf000 JavaThread "Unconstrained build operations Thread 8" [_thread_blocked, id=10256, stack(0x0000002eca100000,0x0000002eca200000)]
  0x000001e1077d1800 JavaThread "Unconstrained build operations Thread 9" [_thread_blocked, id=7180, stack(0x0000002eca200000,0x0000002eca300000)]
  0x000001e1077cc000 JavaThread "Unconstrained build operations Thread 10" [_thread_blocked, id=18384, stack(0x0000002eca300000,0x0000002eca400000)]
  0x000001e1077d2800 JavaThread "Unconstrained build operations Thread 11" [_thread_blocked, id=18136, stack(0x0000002eca400000,0x0000002eca500000)]
  0x000001e1077d0000 JavaThread "Unconstrained build operations Thread 12" [_thread_blocked, id=16804, stack(0x0000002eca500000,0x0000002eca600000)]
  0x000001e1077cc800 JavaThread "Unconstrained build operations Thread 13" [_thread_blocked, id=6296, stack(0x0000002eca600000,0x0000002eca700000)]
  0x000001e1077d6800 JavaThread "Unconstrained build operations Thread 14" [_thread_blocked, id=15556, stack(0x0000002eca700000,0x0000002eca800000)]
  0x000001e1077d5800 JavaThread "Unconstrained build operations Thread 15" [_thread_blocked, id=1988, stack(0x0000002eca800000,0x0000002eca900000)]
  0x000001e1077d3000 JavaThread "Unconstrained build operations Thread 16" [_thread_blocked, id=17808, stack(0x0000002eca900000,0x0000002ecaa00000)]
  0x000001e1077d4000 JavaThread "Unconstrained build operations Thread 17" [_thread_blocked, id=2100, stack(0x0000002ecaa00000,0x0000002ecab00000)]
  0x000001e1077d5000 JavaThread "Unconstrained build operations Thread 18" [_thread_blocked, id=15572, stack(0x0000002ecab00000,0x0000002ecac00000)]
  0x000001e102e7b000 JavaThread "Unconstrained build operations Thread 19" [_thread_blocked, id=2988, stack(0x0000002ecac00000,0x0000002ecad00000)]
  0x000001e102e7e800 JavaThread "Unconstrained build operations Thread 20" [_thread_blocked, id=6004, stack(0x0000002ecad00000,0x0000002ecae00000)]
  0x000001e102e79800 JavaThread "Unconstrained build operations Thread 21" [_thread_blocked, id=13476, stack(0x0000002ecae00000,0x0000002ecaf00000)]
  0x000001e102e78800 JavaThread "Unconstrained build operations Thread 22" [_thread_blocked, id=4884, stack(0x0000002ecaf00000,0x0000002ecb000000)]
  0x000001e102e7f000 JavaThread "Unconstrained build operations Thread 23" [_thread_blocked, id=16048, stack(0x0000002ecb000000,0x0000002ecb100000)]
  0x000001e102e7a800 JavaThread "Unconstrained build operations Thread 24" [_thread_blocked, id=2596, stack(0x0000002ecb100000,0x0000002ecb200000)]
  0x000001e102e80000 JavaThread "Unconstrained build operations Thread 25" [_thread_blocked, id=13812, stack(0x0000002ecb200000,0x0000002ecb300000)]
  0x000001e102e7d800 JavaThread "Unconstrained build operations Thread 26" [_thread_blocked, id=14280, stack(0x0000002ecb300000,0x0000002ecb400000)]
  0x000001e102e81000 JavaThread "Unconstrained build operations Thread 27" [_thread_blocked, id=3484, stack(0x0000002ecb400000,0x0000002ecb500000)]
  0x000001e102e81800 JavaThread "Unconstrained build operations Thread 28" [_thread_blocked, id=17836, stack(0x0000002ecb500000,0x0000002ecb600000)]
  0x000001e102e7c000 JavaThread "Unconstrained build operations Thread 29" [_thread_blocked, id=6768, stack(0x0000002ecb600000,0x0000002ecb700000)]
  0x000001e102e82800 JavaThread "Unconstrained build operations Thread 30" [_thread_blocked, id=9744, stack(0x0000002ecb700000,0x0000002ecb800000)]
  0x000001e102e7c800 JavaThread "Unconstrained build operations Thread 31" [_thread_blocked, id=9444, stack(0x0000002ecb800000,0x0000002ecb900000)]
  0x000001e102e84000 JavaThread "Unconstrained build operations Thread 32" [_thread_blocked, id=11708, stack(0x0000002ecb900000,0x0000002ecba00000)]
  0x000001e102e85000 JavaThread "Unconstrained build operations Thread 33" [_thread_blocked, id=4804, stack(0x0000002ecba00000,0x0000002ecbb00000)]
  0x000001e102e85800 JavaThread "Unconstrained build operations Thread 34" [_thread_blocked, id=3492, stack(0x0000002ecbb00000,0x0000002ecbc00000)]
  0x000001e102e83800 JavaThread "Unconstrained build operations Thread 35" [_thread_blocked, id=9640, stack(0x0000002ecbc00000,0x0000002ecbd00000)]
  0x000001e102e86800 JavaThread "Unconstrained build operations Thread 36" [_thread_blocked, id=3780, stack(0x0000002ecbd00000,0x0000002ecbe00000)]
  0x000001e102e87800 JavaThread "Unconstrained build operations Thread 37" [_thread_blocked, id=16756, stack(0x0000002ecbe00000,0x0000002ecbf00000)]
  0x000001e10508c000 JavaThread "Unconstrained build operations Thread 38" [_thread_blocked, id=6876, stack(0x0000002ecbf00000,0x0000002ecc000000)]
  0x000001e105090800 JavaThread "Unconstrained build operations Thread 39" [_thread_blocked, id=6888, stack(0x0000002ecc000000,0x0000002ecc100000)]
  0x000001e105091800 JavaThread "Unconstrained build operations Thread 40" [_thread_blocked, id=12888, stack(0x0000002ecc100000,0x0000002ecc200000)]
  0x000001e105092800 JavaThread "Unconstrained build operations Thread 41" [_thread_blocked, id=11980, stack(0x0000002ecc200000,0x0000002ecc300000)]
  0x000001e10508c800 JavaThread "Unconstrained build operations Thread 42" [_thread_blocked, id=900, stack(0x0000002ecc300000,0x0000002ecc400000)]
  0x000001e105093000 JavaThread "Unconstrained build operations Thread 43" [_thread_blocked, id=4176, stack(0x0000002ecc400000,0x0000002ecc500000)]
  0x000001e105090000 JavaThread "Unconstrained build operations Thread 44" [_thread_blocked, id=17548, stack(0x0000002ecc500000,0x0000002ecc600000)]
  0x000001e10508d800 JavaThread "Unconstrained build operations Thread 45" [_thread_blocked, id=12476, stack(0x0000002ecc600000,0x0000002ecc700000)]
  0x000001e10508f000 JavaThread "Unconstrained build operations Thread 46" [_thread_blocked, id=12260, stack(0x0000002ecc700000,0x0000002ecc800000)]
  0x000001e10508e800 JavaThread "Unconstrained build operations Thread 47" [_thread_blocked, id=16600, stack(0x0000002ecc800000,0x0000002ecc900000)]
  0x000001e105098000 JavaThread "Unconstrained build operations Thread 48" [_thread_blocked, id=18008, stack(0x0000002ecc900000,0x0000002ecca00000)]
  0x000001e105099800 JavaThread "Unconstrained build operations Thread 49" [_thread_blocked, id=11644, stack(0x0000002ecca00000,0x0000002eccb00000)]
  0x000001e105094000 JavaThread "Unconstrained build operations Thread 50" [_thread_blocked, id=3812, stack(0x0000002eccb00000,0x0000002eccc00000)]
  0x000001e105097000 JavaThread "Unconstrained build operations Thread 51" [_thread_blocked, id=17964, stack(0x0000002eccc00000,0x0000002eccd00000)]
  0x000001e105099000 JavaThread "Unconstrained build operations Thread 52" [_thread_blocked, id=884, stack(0x0000002eccd00000,0x0000002ecce00000)]
  0x000001e105095000 JavaThread "Unconstrained build operations Thread 53" [_thread_blocked, id=15832, stack(0x0000002ecce00000,0x0000002eccf00000)]
  0x000001e10509a800 JavaThread "Unconstrained build operations Thread 54" [_thread_blocked, id=9764, stack(0x0000002eccf00000,0x0000002ecd000000)]
  0x000001e105095800 JavaThread "Unconstrained build operations Thread 55" [_thread_blocked, id=1448, stack(0x0000002ecd000000,0x0000002ecd100000)]
  0x000001e105096800 JavaThread "Unconstrained build operations Thread 56" [_thread_blocked, id=12032, stack(0x0000002ecd100000,0x0000002ecd200000)]
  0x000001e1074fc000 JavaThread "Unconstrained build operations Thread 57" [_thread_blocked, id=4560, stack(0x0000002ecd200000,0x0000002ecd300000)]
  0x000001e1074ff800 JavaThread "Unconstrained build operations Thread 58" [_thread_blocked, id=12808, stack(0x0000002ecd300000,0x0000002ecd400000)]
  0x000001e107501000 JavaThread "Unconstrained build operations Thread 59" [_thread_blocked, id=18080, stack(0x0000002ecd400000,0x0000002ecd500000)]
  0x000001e1074fb800 JavaThread "Unconstrained build operations Thread 60" [_thread_blocked, id=4104, stack(0x0000002ecd500000,0x0000002ecd600000)]
  0x000001e107502800 JavaThread "Unconstrained build operations Thread 61" [_thread_blocked, id=7904, stack(0x0000002ecd600000,0x0000002ecd700000)]
  0x000001e1074fe800 JavaThread "Unconstrained build operations Thread 62" [_thread_blocked, id=12004, stack(0x0000002ecd700000,0x0000002ecd800000)]
  0x000001e107502000 JavaThread "Unconstrained build operations Thread 63" [_thread_blocked, id=10604, stack(0x0000002ecd800000,0x0000002ecd900000)]
  0x000001e1074fd000 JavaThread "Unconstrained build operations Thread 64" [_thread_blocked, id=7828, stack(0x0000002ecd900000,0x0000002ecda00000)]
  0x000001e107500000 JavaThread "Unconstrained build operations Thread 65" [_thread_blocked, id=11544, stack(0x0000002ecda00000,0x0000002ecdb00000)]
  0x000001e107503800 JavaThread "Unconstrained build operations Thread 66" [_thread_blocked, id=11396, stack(0x0000002ecdb00000,0x0000002ecdc00000)]
  0x000001e1074fd800 JavaThread "Unconstrained build operations Thread 67" [_thread_blocked, id=12104, stack(0x0000002ecdc00000,0x0000002ecdd00000)]
  0x000001e10750a000 JavaThread "Unconstrained build operations Thread 68" [_thread_blocked, id=4972, stack(0x0000002ecdd00000,0x0000002ecde00000)]
  0x000001e107505000 JavaThread "Unconstrained build operations Thread 69" [_thread_blocked, id=10708, stack(0x0000002ecde00000,0x0000002ecdf00000)]
  0x000001e107506800 JavaThread "Unconstrained build operations Thread 70" [_thread_blocked, id=17172, stack(0x0000002ecdf00000,0x0000002ece000000)]
  0x000001e107507800 JavaThread "Unconstrained build operations Thread 71" [_thread_blocked, id=14092, stack(0x0000002ece000000,0x0000002ece100000)]
  0x000001e107508800 JavaThread "Unconstrained build operations Thread 72" [_thread_blocked, id=9124, stack(0x0000002ece100000,0x0000002ece200000)]
  0x000001e107506000 JavaThread "Unconstrained build operations Thread 73" [_thread_blocked, id=12252, stack(0x0000002ece200000,0x0000002ece300000)]
  0x000001e107509000 JavaThread "Unconstrained build operations Thread 74" [_thread_blocked, id=9528, stack(0x0000002ece300000,0x0000002ece400000)]
  0x000001e107504000 JavaThread "Unconstrained build operations Thread 75" [_thread_blocked, id=5536, stack(0x0000002ece400000,0x0000002ece500000)]
  0x000001e108ede800 JavaThread "Unconstrained build operations Thread 76" [_thread_blocked, id=4448, stack(0x0000002ece500000,0x0000002ece600000)]
  0x000001e108ed9800 JavaThread "Unconstrained build operations Thread 77" [_thread_blocked, id=13828, stack(0x0000002ece600000,0x0000002ece700000)]
  0x000001e108eda800 JavaThread "Unconstrained build operations Thread 78" [_thread_blocked, id=8452, stack(0x0000002ece700000,0x0000002ece800000)]
  0x000001e108ed9000 JavaThread "Unconstrained build operations Thread 79" [_thread_blocked, id=18128, stack(0x0000002ece800000,0x0000002ece900000)]
  0x000001e108ee1000 JavaThread "Unconstrained build operations Thread 80" [_thread_blocked, id=11804, stack(0x0000002ece900000,0x0000002ecea00000)]
  0x000001e108edb000 JavaThread "Unconstrained build operations Thread 81" [_thread_blocked, id=10288, stack(0x0000002ecea00000,0x0000002eceb00000)]
  0x000001e108edd000 JavaThread "Unconstrained build operations Thread 82" [_thread_blocked, id=11516, stack(0x0000002eceb00000,0x0000002ecec00000)]
  0x000001e108ee0000 JavaThread "Unconstrained build operations Thread 83" [_thread_blocked, id=12872, stack(0x0000002ecec00000,0x0000002eced00000)]
  0x000001e108edc000 JavaThread "Unconstrained build operations Thread 84" [_thread_blocked, id=3440, stack(0x0000002eced00000,0x0000002ecee00000)]
  0x000001e108ee2800 JavaThread "Unconstrained build operations Thread 85" [_thread_blocked, id=10500, stack(0x0000002ecee00000,0x0000002ecef00000)]
  0x000001e108edd800 JavaThread "Unconstrained build operations Thread 86" [_thread_blocked, id=17680, stack(0x0000002ecef00000,0x0000002ecf000000)]
  0x000001e108ee2000 JavaThread "Unconstrained build operations Thread 87" [_thread_blocked, id=10596, stack(0x0000002ecf000000,0x0000002ecf100000)]
  0x000001e108ee3800 JavaThread "Unconstrained build operations Thread 88" [_thread_blocked, id=10392, stack(0x0000002ecf100000,0x0000002ecf200000)]
  0x000001e108ee4000 JavaThread "Unconstrained build operations Thread 89" [_thread_blocked, id=9992, stack(0x0000002ecf200000,0x0000002ecf300000)]
  0x000001e108edf800 JavaThread "Unconstrained build operations Thread 90" [_thread_blocked, id=12328, stack(0x0000002ecf300000,0x0000002ecf400000)]
  0x000001e108ee7800 JavaThread "Unconstrained build operations Thread 91" [_thread_blocked, id=11320, stack(0x0000002ecf400000,0x0000002ecf500000)]
  0x000001e108ee5000 JavaThread "Unconstrained build operations Thread 92" [_thread_blocked, id=13780, stack(0x0000002ecf500000,0x0000002ecf600000)]
  0x000001e108ee6000 JavaThread "Unconstrained build operations Thread 93" [_thread_blocked, id=1544, stack(0x0000002ecf600000,0x0000002ecf700000)]
  0x000001e108ee6800 JavaThread "Unconstrained build operations Thread 94" [_thread_blocked, id=4968, stack(0x0000002ecf700000,0x0000002ecf800000)]
  0x000001e108e8b800 JavaThread "Unconstrained build operations Thread 95" [_thread_blocked, id=11912, stack(0x0000002ecf800000,0x0000002ecf900000)]
  0x000001e108e8f000 JavaThread "Unconstrained build operations Thread 96" [_thread_blocked, id=5944, stack(0x0000002ecf900000,0x0000002ecfa00000)]
  0x000001e108e8e000 JavaThread "Unconstrained build operations Thread 97" [_thread_blocked, id=3884, stack(0x0000002ecfa00000,0x0000002ecfb00000)]
  0x000001e108e8b000 JavaThread "Unconstrained build operations Thread 98" [_thread_blocked, id=11308, stack(0x0000002ecfb00000,0x0000002ecfc00000)]
  0x000001e108e8c800 JavaThread "Unconstrained build operations Thread 99" [_thread_blocked, id=18392, stack(0x0000002ecfc00000,0x0000002ecfd00000)]
  0x000001e108e90000 JavaThread "Unconstrained build operations Thread 100" [_thread_blocked, id=12020, stack(0x0000002ecfd00000,0x0000002ecfe00000)]
  0x000001e108e8a000 JavaThread "Unconstrained build operations Thread 101" [_thread_blocked, id=6192, stack(0x0000002ecfe00000,0x0000002ecff00000)]
  0x000001e108e90800 JavaThread "Unconstrained build operations Thread 102" [_thread_blocked, id=17224, stack(0x0000002ecff00000,0x0000002ed0000000)]
  0x000001e108e93000 JavaThread "Unconstrained build operations Thread 103" [_thread_blocked, id=13384, stack(0x0000002ed0000000,0x0000002ed0100000)]
  0x000001e108e8d800 JavaThread "Unconstrained build operations Thread 104" [_thread_blocked, id=13568, stack(0x0000002ed0100000,0x0000002ed0200000)]
  0x000001e108e94000 JavaThread "Unconstrained build operations Thread 105" [_thread_blocked, id=12132, stack(0x0000002ed0200000,0x0000002ed0300000)]
  0x000001e108e96800 JavaThread "Unconstrained build operations Thread 106" [_thread_blocked, id=2860, stack(0x0000002ed0300000,0x0000002ed0400000)]
  0x000001e108e94800 JavaThread "Unconstrained build operations Thread 107" [_thread_blocked, id=10704, stack(0x0000002ed0400000,0x0000002ed0500000)]
  0x000001e108e92000 JavaThread "Unconstrained build operations Thread 108" [_thread_blocked, id=7708, stack(0x0000002ed0500000,0x0000002ed0600000)]
  0x000001e108e95800 JavaThread "Unconstrained build operations Thread 109" [_thread_blocked, id=5600, stack(0x0000002ed0600000,0x0000002ed0700000)]
  0x000001e108e97000 JavaThread "Unconstrained build operations Thread 110" [_thread_blocked, id=6400, stack(0x0000002ed0700000,0x0000002ed0800000)]
  0x000001e108e91800 JavaThread "Unconstrained build operations Thread 111" [_thread_blocked, id=5632, stack(0x0000002ed0800000,0x0000002ed0900000)]
  0x000001e108e98000 JavaThread "Unconstrained build operations Thread 112" [_thread_blocked, id=13696, stack(0x0000002ed0900000,0x0000002ed0a00000)]
  0x000001e108e98800 JavaThread "Unconstrained build operations Thread 113" [_thread_blocked, id=16128, stack(0x0000002ed0a00000,0x0000002ed0b00000)]
  0x000001e1079cc000 JavaThread "Unconstrained build operations Thread 114" [_thread_blocked, id=13064, stack(0x0000002ed0b00000,0x0000002ed0c00000)]
  0x000001e1079cb000 JavaThread "Unconstrained build operations Thread 115" [_thread_blocked, id=17752, stack(0x0000002ed0c00000,0x0000002ed0d00000)]
  0x000001e1079c6800 JavaThread "Unconstrained build operations Thread 116" [_thread_blocked, id=3276, stack(0x0000002ed0d00000,0x0000002ed0e00000)]
  0x000001e1079c8800 JavaThread "Unconstrained build operations Thread 117" [_thread_blocked, id=17284, stack(0x0000002ed0e00000,0x0000002ed0f00000)]
  0x000001e1079c9800 JavaThread "Unconstrained build operations Thread 118" [_thread_blocked, id=10924, stack(0x0000002ed0f00000,0x0000002ed1000000)]
  0x000001e1079c7000 JavaThread "Unconstrained build operations Thread 119" [_thread_blocked, id=7296, stack(0x0000002ed1000000,0x0000002ed1100000)]
  0x000001e1079ca800 JavaThread "Unconstrained build operations Thread 120" [_thread_blocked, id=2300, stack(0x0000002ed1100000,0x0000002ed1200000)]
  0x000001e1079cd000 JavaThread "Memory manager" [_thread_blocked, id=11976, stack(0x0000002ed1200000,0x0000002ed1300000)]
  0x000001e1079cd800 JavaThread "build event listener" [_thread_blocked, id=19440, stack(0x0000002ed1300000,0x0000002ed1400000)]
  0x000001e1079c8000 JavaThread "C2 CompilerThread1" daemon [_thread_in_native, id=3148, stack(0x0000002ed1400000,0x0000002ed1500000)]
  0x000001e10cfaf000 JavaThread "Cache worker for execution history cache (E:\2n DAM-VIOD\StreamComics\.gradle\7.3.3\executionHistory)" [_thread_blocked, id=9512, stack(0x0000002ed2000000,0x0000002ed2100000)]
  0x000001e10cfb3000 JavaThread "C2 CompilerThread2" daemon [_thread_in_native, id=7716, stack(0x0000002ed1500000,0x0000002ed1600000)]

Other Threads:
=>0x000001e1021b6800 VMThread "VM Thread" [stack: 0x0000002ec6100000,0x0000002ec6200000] [id=17472]
  0x000001e102bba000 WatcherThread [stack: 0x0000002ec6b00000,0x0000002ec6c00000] [id=17040]
  0x000001e167755000 GCTaskThread "GC Thread#0" [stack: 0x0000002ec5c00000,0x0000002ec5d00000] [id=3424]
  0x000001e1030f5000 GCTaskThread "GC Thread#1" [stack: 0x0000002ec6c00000,0x0000002ec6d00000] [id=1568]
  0x000001e104bb8000 GCTaskThread "GC Thread#2" [stack: 0x0000002ec7200000,0x0000002ec7300000] [id=11460]
  0x000001e104b01000 GCTaskThread "GC Thread#3" [stack: 0x0000002ec7300000,0x0000002ec7400000] [id=14820]
  0x000001e104b01800 GCTaskThread "GC Thread#4" [stack: 0x0000002ec7400000,0x0000002ec7500000] [id=19164]
  0x000001e10373a800 GCTaskThread "GC Thread#5" [stack: 0x0000002ec7500000,0x0000002ec7600000] [id=5896]
  0x000001e103824800 GCTaskThread "GC Thread#6" [stack: 0x0000002ec7600000,0x0000002ec7700000] [id=4308]
  0x000001e10373b000 GCTaskThread "GC Thread#7" [stack: 0x0000002ec7700000,0x0000002ec7800000] [id=19168]
  0x000001e1041c9800 GCTaskThread "GC Thread#8" [stack: 0x0000002ec7800000,0x0000002ec7900000] [id=19184]
  0x000001e1041ca000 GCTaskThread "GC Thread#9" [stack: 0x0000002ec7900000,0x0000002ec7a00000] [id=18996]
  0x000001e167788800 ConcurrentGCThread "G1 Main Marker" [stack: 0x0000002ec5d00000,0x0000002ec5e00000] [id=13196]
  0x000001e167789800 ConcurrentGCThread "G1 Conc#0" [stack: 0x0000002ec5e00000,0x0000002ec5f00000] [id=2908]
  0x000001e104d37000 ConcurrentGCThread "G1 Conc#1" [stack: 0x0000002ec8100000,0x0000002ec8200000] [id=13876]
  0x000001e10505b000 ConcurrentGCThread "G1 Conc#2" [stack: 0x0000002ec8200000,0x0000002ec8300000] [id=14268]
  0x000001e16781d800 ConcurrentGCThread "G1 Refine#0" [stack: 0x0000002ec5f00000,0x0000002ec6000000] [id=12292]
  0x000001e102004800 ConcurrentGCThread "G1 Young RemSet Sampling" [stack: 0x0000002ec6000000,0x0000002ec6100000] [id=4688]

Threads with active compile tasks:
C2 CompilerThread0  15953 8339       4       java.lang.Class::getAnnotation (22 bytes)
C2 CompilerThread1  15953 8287       4       sun.reflect.generics.parser.SignatureParser::parseClassTypeSignature (118 bytes)
C2 CompilerThread2  15953 8312       4       java.lang.Class::annotationData (44 bytes)

VM state:at safepoint (normal execution)

VM Mutex/Monitor currently owned by a thread:  ([mutex/lock_event])
[0x000001e167739e00] Threads_lock - owner thread: 0x000001e1021b6800
[0x000001e16773a820] Heap_lock - owner thread: 0x000001e10386f800

Heap address: 0x0000000080000000, size: 2048 MB, Compressed Oops mode: 32-bit
Narrow klass base: 0x0000000000000000, Narrow klass shift: 3
Compressed class space size: 1073741824 Address: 0x0000000100000000

Heap:
 garbage-first heap   total 210944K, used 110811K [0x0000000080000000, 0x0000000100000000)
  region size 1024K, 4 young (4096K), 4 survivors (4096K)
 Metaspace       used 89173K, capacity 91290K, committed 91520K, reserved 1128448K
  class space    used 11611K, capacity 12383K, committed 12416K, reserved 1048576K
Heap Regions: E=young(eden), S=young(survivor), O=old, HS=humongous(starts), HC=humongous(continues), CS=collection set, F=free, A=archive, TAMS=top-at-mark-start (previous, next)
|   0|0x0000000080000000, 0x0000000080100000, 0x0000000080100000|100%| O|  |TAMS 0x0000000080100000, 0x0000000080000000| Untracked 
|   1|0x0000000080100000, 0x0000000080200000, 0x0000000080200000|100%| O|  |TAMS 0x0000000080200000, 0x0000000080100000| Untracked 
|   2|0x0000000080200000, 0x0000000080300000, 0x0000000080300000|100%| O|  |TAMS 0x0000000080300000, 0x0000000080200000| Untracked 
|   3|0x0000000080300000, 0x0000000080400000, 0x0000000080400000|100%|HS|  |TAMS 0x0000000080400000, 0x0000000080300000| Complete 
|   4|0x0000000080400000, 0x0000000080500000, 0x0000000080500000|100%|HC|  |TAMS 0x0000000080500000, 0x0000000080400000| Complete 
|   5|0x0000000080500000, 0x0000000080600000, 0x0000000080600000|100%|HC|  |TAMS 0x0000000080600000, 0x0000000080500000| Complete 
|   6|0x0000000080600000, 0x0000000080700000, 0x0000000080700000|100%| O|  |TAMS 0x0000000080700000, 0x0000000080600000| Untracked 
|   7|0x0000000080700000, 0x0000000080800000, 0x0000000080800000|100%| O|  |TAMS 0x0000000080800000, 0x0000000080700000| Untracked 
|   8|0x0000000080800000, 0x0000000080900000, 0x0000000080900000|100%| O|  |TAMS 0x0000000080900000, 0x0000000080800000| Untracked 
|   9|0x0000000080900000, 0x0000000080a00000, 0x0000000080a00000|100%| O|  |TAMS 0x0000000080a00000, 0x0000000080900000| Untracked 
|  10|0x0000000080a00000, 0x0000000080b00000, 0x0000000080b00000|100%| O|  |TAMS 0x0000000080b00000, 0x0000000080a00000| Untracked 
|  11|0x0000000080b00000, 0x0000000080c00000, 0x0000000080c00000|100%| O|  |TAMS 0x0000000080c00000, 0x0000000080b00000| Untracked 
|  12|0x0000000080c00000, 0x0000000080d00000, 0x0000000080d00000|100%| O|  |TAMS 0x0000000080d00000, 0x0000000080c00000| Untracked 
|  13|0x0000000080d00000, 0x0000000080e00000, 0x0000000080e00000|100%| O|  |TAMS 0x0000000080e00000, 0x0000000080d00000| Untracked 
|  14|0x0000000080e00000, 0x0000000080f00000, 0x0000000080f00000|100%| O|  |TAMS 0x0000000080f00000, 0x0000000080e00000| Untracked 
|  15|0x0000000080f00000, 0x0000000081000000, 0x0000000081000000|100%|HS|  |TAMS 0x0000000081000000, 0x0000000080f00000| Complete 
|  16|0x0000000081000000, 0x0000000081100000, 0x0000000081100000|100%|HC|  |TAMS 0x0000000081100000, 0x0000000081000000| Complete 
|  17|0x0000000081100000, 0x0000000081200000, 0x0000000081200000|100%|HS|  |TAMS 0x0000000081200000, 0x0000000081100000| Complete 
|  18|0x0000000081200000, 0x0000000081300000, 0x0000000081300000|100%|HC|  |TAMS 0x0000000081300000, 0x0000000081200000| Complete 
|  19|0x0000000081300000, 0x0000000081400000, 0x0000000081400000|100%|HC|  |TAMS 0x0000000081400000, 0x0000000081300000| Complete 
|  20|0x0000000081400000, 0x0000000081500000, 0x0000000081500000|100%|HS|  |TAMS 0x0000000081500000, 0x0000000081400000| Complete 
|  21|0x0000000081500000, 0x0000000081600000, 0x0000000081600000|100%|HS|  |TAMS 0x0000000081600000, 0x0000000081500000| Complete 
|  22|0x0000000081600000, 0x0000000081700000, 0x0000000081700000|100%|HC|  |TAMS 0x0000000081700000, 0x0000000081600000| Complete 
|  23|0x0000000081700000, 0x0000000081800000, 0x0000000081800000|100%|HC|  |TAMS 0x0000000081800000, 0x0000000081700000| Complete 
|  24|0x0000000081800000, 0x0000000081900000, 0x0000000081900000|100%|HC|  |TAMS 0x0000000081900000, 0x0000000081800000| Complete 
|  25|0x0000000081900000, 0x0000000081a00000, 0x0000000081a00000|100%| O|  |TAMS 0x0000000081a00000, 0x0000000081900000| Untracked 
|  26|0x0000000081a00000, 0x0000000081b00000, 0x0000000081b00000|100%| O|  |TAMS 0x0000000081b00000, 0x0000000081a00000| Untracked 
|  27|0x0000000081b00000, 0x0000000081c00000, 0x0000000081c00000|100%| O|  |TAMS 0x0000000081c00000, 0x0000000081b00000| Untracked 
|  28|0x0000000081c00000, 0x0000000081d00000, 0x0000000081d00000|100%| O|  |TAMS 0x0000000081d00000, 0x0000000081c00000| Untracked 
|  29|0x0000000081d00000, 0x0000000081e00000, 0x0000000081e00000|100%| O|  |TAMS 0x0000000081e00000, 0x0000000081d00000| Untracked 
|  30|0x0000000081e00000, 0x0000000081f00000, 0x0000000081f00000|100%| O|  |TAMS 0x0000000081f00000, 0x0000000081e00000| Untracked 
|  31|0x0000000081f00000, 0x0000000082000000, 0x0000000082000000|100%| O|  |TAMS 0x0000000082000000, 0x0000000081f00000| Untracked 
|  32|0x0000000082000000, 0x0000000082100000, 0x0000000082100000|100%| O|  |TAMS 0x0000000082100000, 0x0000000082000000| Untracked 
|  33|0x0000000082100000, 0x0000000082200000, 0x0000000082200000|100%| O|  |TAMS 0x0000000082200000, 0x0000000082100000| Untracked 
|  34|0x0000000082200000, 0x0000000082300000, 0x0000000082300000|100%| O|  |TAMS 0x0000000082300000, 0x0000000082200000| Untracked 
|  35|0x0000000082300000, 0x0000000082400000, 0x0000000082400000|100%| O|  |TAMS 0x0000000082400000, 0x0000000082300000| Untracked 
|  36|0x0000000082400000, 0x0000000082500000, 0x0000000082500000|100%| O|  |TAMS 0x0000000082500000, 0x0000000082400000| Untracked 
|  37|0x0000000082500000, 0x0000000082600000, 0x0000000082600000|100%| O|  |TAMS 0x0000000082600000, 0x0000000082500000| Untracked 
|  38|0x0000000082600000, 0x0000000082700000, 0x0000000082700000|100%| O|  |TAMS 0x0000000082700000, 0x0000000082600000| Untracked 
|  39|0x0000000082700000, 0x0000000082800000, 0x0000000082800000|100%|HS|  |TAMS 0x0000000082800000, 0x0000000082700000| Complete 
|  40|0x0000000082800000, 0x0000000082900000, 0x0000000082900000|100%|HS|  |TAMS 0x0000000082900000, 0x0000000082800000| Complete 
|  41|0x0000000082900000, 0x0000000082a00000, 0x0000000082a00000|100%|HC|  |TAMS 0x0000000082a00000, 0x0000000082900000| Complete 
|  42|0x0000000082a00000, 0x0000000082b00000, 0x0000000082b00000|100%|HC|  |TAMS 0x0000000082b00000, 0x0000000082a00000| Complete 
|  43|0x0000000082b00000, 0x0000000082c00000, 0x0000000082c00000|100%|HS|  |TAMS 0x0000000082c00000, 0x0000000082b00000| Complete 
|  44|0x0000000082c00000, 0x0000000082d00000, 0x0000000082d00000|100%|HC|  |TAMS 0x0000000082d00000, 0x0000000082c00000| Complete 
|  45|0x0000000082d00000, 0x0000000082e00000, 0x0000000082e00000|100%|HC|  |TAMS 0x0000000082e00000, 0x0000000082d00000| Complete 
|  46|0x0000000082e00000, 0x0000000082f00000, 0x0000000082f00000|100%|HC|  |TAMS 0x0000000082f00000, 0x0000000082e00000| Complete 
|  47|0x0000000082f00000, 0x0000000083000000, 0x0000000083000000|100%| O|  |TAMS 0x0000000083000000, 0x0000000082f00000| Untracked 
|  48|0x0000000083000000, 0x0000000083100000, 0x0000000083100000|100%| O|  |TAMS 0x0000000083100000, 0x0000000083000000| Untracked 
|  49|0x0000000083100000, 0x0000000083200000, 0x0000000083200000|100%| O|  |TAMS 0x0000000083200000, 0x0000000083100000| Untracked 
|  50|0x0000000083200000, 0x0000000083300000, 0x0000000083300000|100%| O|  |TAMS 0x0000000083300000, 0x0000000083200000| Untracked 
|  51|0x0000000083300000, 0x0000000083400000, 0x0000000083400000|100%| O|  |TAMS 0x0000000083400000, 0x0000000083300000| Untracked 
|  52|0x0000000083400000, 0x0000000083500000, 0x0000000083500000|100%| O|  |TAMS 0x0000000083500000, 0x0000000083400000| Untracked 
|  53|0x0000000083500000, 0x0000000083600000, 0x0000000083600000|100%| O|  |TAMS 0x0000000083600000, 0x0000000083500000| Untracked 
|  54|0x0000000083600000, 0x0000000083700000, 0x0000000083700000|100%|HS|  |TAMS 0x0000000083700000, 0x0000000083600000| Complete 
|  55|0x0000000083700000, 0x0000000083800000, 0x0000000083800000|100%|HS|  |TAMS 0x0000000083800000, 0x0000000083700000| Complete 
|  56|0x0000000083800000, 0x0000000083900000, 0x0000000083900000|100%|HS|  |TAMS 0x0000000083900000, 0x0000000083800000| Complete 
|  57|0x0000000083900000, 0x0000000083a00000, 0x0000000083a00000|100%|HS|  |TAMS 0x0000000083a00000, 0x0000000083900000| Complete 
|  58|0x0000000083a00000, 0x0000000083b00000, 0x0000000083b00000|100%|HC|  |TAMS 0x0000000083b00000, 0x0000000083a00000| Complete 
|  59|0x0000000083b00000, 0x0000000083c00000, 0x0000000083c00000|100%|HC|  |TAMS 0x0000000083c00000, 0x0000000083b00000| Complete 
|  60|0x0000000083c00000, 0x0000000083d00000, 0x0000000083d00000|100%|HS|  |TAMS 0x0000000083d00000, 0x0000000083c00000| Complete 
|  61|0x0000000083d00000, 0x0000000083e00000, 0x0000000083e00000|100%|HC|  |TAMS 0x0000000083e00000, 0x0000000083d00000| Complete 
|  62|0x0000000083e00000, 0x0000000083f00000, 0x0000000083f00000|100%| O|  |TAMS 0x0000000083f00000, 0x0000000083e00000| Untracked 
|  63|0x0000000083f00000, 0x0000000084000000, 0x0000000084000000|100%| O|  |TAMS 0x0000000084000000, 0x0000000083f00000| Untracked 
|  64|0x0000000084000000, 0x0000000084100000, 0x0000000084100000|100%| O|  |TAMS 0x0000000084100000, 0x0000000084000000| Untracked 
|  65|0x0000000084100000, 0x0000000084200000, 0x0000000084200000|100%| O|  |TAMS 0x0000000084200000, 0x0000000084100000| Untracked 
|  66|0x0000000084200000, 0x0000000084300000, 0x0000000084300000|100%| O|  |TAMS 0x0000000084300000, 0x0000000084200000| Untracked 
|  67|0x0000000084300000, 0x0000000084400000, 0x0000000084400000|100%| O|  |TAMS 0x0000000084400000, 0x0000000084300000| Untracked 
|  68|0x0000000084400000, 0x0000000084500000, 0x0000000084500000|100%| O|  |TAMS 0x0000000084500000, 0x0000000084400000| Untracked 
|  69|0x0000000084500000, 0x0000000084600000, 0x0000000084600000|100%| O|  |TAMS 0x0000000084600000, 0x0000000084500000| Untracked 
|  70|0x0000000084600000, 0x0000000084700000, 0x0000000084700000|100%| O|  |TAMS 0x0000000084700000, 0x0000000084600000| Untracked 
|  71|0x0000000084700000, 0x0000000084800000, 0x0000000084800000|100%| O|  |TAMS 0x0000000084800000, 0x0000000084700000| Untracked 
|  72|0x0000000084800000, 0x0000000084900000, 0x0000000084900000|100%| O|  |TAMS 0x0000000084900000, 0x0000000084800000| Untracked 
|  73|0x0000000084900000, 0x0000000084a00000, 0x0000000084a00000|100%| O|  |TAMS 0x0000000084a00000, 0x0000000084900000| Untracked 
|  74|0x0000000084a00000, 0x0000000084b00000, 0x0000000084b00000|100%| O|  |TAMS 0x0000000084b00000, 0x0000000084a00000| Untracked 
|  75|0x0000000084b00000, 0x0000000084c00000, 0x0000000084c00000|100%| O|  |TAMS 0x0000000084c00000, 0x0000000084b00000| Untracked 
|  76|0x0000000084c00000, 0x0000000084d00000, 0x0000000084d00000|100%| O|  |TAMS 0x0000000084d00000, 0x0000000084c00000| Untracked 
|  77|0x0000000084d00000, 0x0000000084e00000, 0x0000000084e00000|100%| O|  |TAMS 0x0000000084e00000, 0x0000000084d00000| Untracked 
|  78|0x0000000084e00000, 0x0000000084f00000, 0x0000000084f00000|100%| O|  |TAMS 0x0000000084f00000, 0x0000000084e00000| Untracked 
|  79|0x0000000084f00000, 0x0000000085000000, 0x0000000085000000|100%| O|  |TAMS 0x0000000085000000, 0x0000000084f00000| Untracked 
|  80|0x0000000085000000, 0x0000000085100000, 0x0000000085100000|100%| O|  |TAMS 0x0000000085100000, 0x0000000085000000| Untracked 
|  81|0x0000000085100000, 0x0000000085200000, 0x0000000085200000|100%| O|  |TAMS 0x0000000085200000, 0x0000000085100000| Untracked 
|  82|0x0000000085200000, 0x0000000085300000, 0x0000000085300000|100%| O|  |TAMS 0x0000000085300000, 0x0000000085200000| Untracked 
|  83|0x0000000085300000, 0x0000000085400000, 0x0000000085400000|100%|HS|  |TAMS 0x0000000085400000, 0x0000000085300000| Complete 
|  84|0x0000000085400000, 0x0000000085500000, 0x0000000085500000|100%|HC|  |TAMS 0x0000000085500000, 0x0000000085400000| Complete 
|  85|0x0000000085500000, 0x0000000085600000, 0x0000000085600000|100%|HS|  |TAMS 0x0000000085600000, 0x0000000085500000| Complete 
|  86|0x0000000085600000, 0x0000000085700000, 0x0000000085700000|100%|HC|  |TAMS 0x0000000085700000, 0x0000000085600000| Complete 
|  87|0x0000000085700000, 0x0000000085800000, 0x0000000085800000|100%|HC|  |TAMS 0x0000000085800000, 0x0000000085700000| Complete 
|  88|0x0000000085800000, 0x0000000085900000, 0x0000000085900000|100%|HS|  |TAMS 0x0000000085900000, 0x0000000085800000| Complete 
|  89|0x0000000085900000, 0x0000000085a00000, 0x0000000085a00000|100%|HS|  |TAMS 0x0000000085a00000, 0x0000000085900000| Complete 
|  90|0x0000000085a00000, 0x0000000085b00000, 0x0000000085b00000|100%|HC|  |TAMS 0x0000000085b00000, 0x0000000085a00000| Complete 
|  91|0x0000000085b00000, 0x0000000085c00000, 0x0000000085c00000|100%|HC|  |TAMS 0x0000000085c00000, 0x0000000085b00000| Complete 
|  92|0x0000000085c00000, 0x0000000085d00000, 0x0000000085d00000|100%|HC|  |TAMS 0x0000000085d00000, 0x0000000085c00000| Complete 
|  93|0x0000000085d00000, 0x0000000085e00000, 0x0000000085e00000|100%| O|  |TAMS 0x0000000085e00000, 0x0000000085d00000| Untracked 
|  94|0x0000000085e00000, 0x0000000085f00000, 0x0000000085f00000|100%| O|  |TAMS 0x0000000085f00000, 0x0000000085e00000| Untracked 
|  95|0x0000000085f00000, 0x0000000086000000, 0x0000000086000000|100%| O|  |TAMS 0x0000000086000000, 0x0000000085f00000| Untracked 
|  96|0x0000000086000000, 0x0000000086100000, 0x0000000086100000|100%| O|  |TAMS 0x0000000086100000, 0x0000000086000000| Untracked 
|  97|0x0000000086100000, 0x0000000086200000, 0x0000000086200000|100%| O|  |TAMS 0x0000000086200000, 0x0000000086100000| Untracked 
|  98|0x0000000086200000, 0x0000000086300000, 0x0000000086300000|100%| O|  |TAMS 0x0000000086300000, 0x0000000086200000| Untracked 
|  99|0x0000000086300000, 0x0000000086400000, 0x0000000086400000|100%| O|  |TAMS 0x0000000086400000, 0x0000000086300000| Untracked 
| 100|0x0000000086400000, 0x0000000086500000, 0x0000000086500000|100%| O|  |TAMS 0x0000000086500000, 0x0000000086400000| Untracked 
| 101|0x0000000086500000, 0x0000000086600000, 0x0000000086600000|100%| O|  |TAMS 0x0000000086600000, 0x0000000086500000| Untracked 
| 102|0x0000000086600000, 0x0000000086700000, 0x0000000086700000|100%| O|  |TAMS 0x0000000086700000, 0x0000000086600000| Untracked 
| 103|0x0000000086700000, 0x0000000086800000, 0x0000000086800000|100%| O|  |TAMS 0x0000000086800000, 0x0000000086700000| Untracked 
| 104|0x0000000086800000, 0x0000000086871400, 0x0000000086900000| 44%| O|  |TAMS 0x0000000086871400, 0x0000000086800000| Untracked 
| 105|0x0000000086900000, 0x0000000086900000, 0x0000000086a00000|  0%| F|  |TAMS 0x0000000086900000, 0x0000000086900000| Untracked 
| 106|0x0000000086a00000, 0x0000000086a00000, 0x0000000086b00000|  0%| F|  |TAMS 0x0000000086a00000, 0x0000000086a00000| Untracked 
| 107|0x0000000086b00000, 0x0000000086b00000, 0x0000000086c00000|  0%| F|  |TAMS 0x0000000086b00000, 0x0000000086b00000| Untracked 
| 108|0x0000000086c00000, 0x0000000086c00000, 0x0000000086d00000|  0%| F|  |TAMS 0x0000000086c00000, 0x0000000086c00000| Untracked 
| 109|0x0000000086d00000, 0x0000000086d00000, 0x0000000086e00000|  0%| F|  |TAMS 0x0000000086d00000, 0x0000000086d00000| Untracked 
| 110|0x0000000086e00000, 0x0000000086e00000, 0x0000000086f00000|  0%| F|  |TAMS 0x0000000086e00000, 0x0000000086e00000| Untracked 
| 111|0x0000000086f00000, 0x0000000086f00000, 0x0000000087000000|  0%| F|  |TAMS 0x0000000086f00000, 0x0000000086f00000| Untracked 
| 112|0x0000000087000000, 0x0000000087000000, 0x0000000087100000|  0%| F|  |TAMS 0x0000000087000000, 0x0000000087000000| Untracked 
| 113|0x0000000087100000, 0x0000000087100000, 0x0000000087200000|  0%| F|  |TAMS 0x0000000087100000, 0x0000000087100000| Untracked 
| 114|0x0000000087200000, 0x0000000087200000, 0x0000000087300000|  0%| F|  |TAMS 0x0000000087200000, 0x0000000087200000| Untracked 
| 115|0x0000000087300000, 0x0000000087300000, 0x0000000087400000|  0%| F|  |TAMS 0x0000000087300000, 0x0000000087300000| Untracked 
| 116|0x0000000087400000, 0x0000000087400000, 0x0000000087500000|  0%| F|  |TAMS 0x0000000087400000, 0x0000000087400000| Untracked 
| 117|0x0000000087500000, 0x0000000087500000, 0x0000000087600000|  0%| F|  |TAMS 0x0000000087500000, 0x0000000087500000| Untracked 
| 118|0x0000000087600000, 0x0000000087600000, 0x0000000087700000|  0%| F|  |TAMS 0x0000000087600000, 0x0000000087600000| Untracked 
| 119|0x0000000087700000, 0x0000000087700000, 0x0000000087800000|  0%| F|  |TAMS 0x0000000087700000, 0x0000000087700000| Untracked 
| 120|0x0000000087800000, 0x0000000087800000, 0x0000000087900000|  0%| F|  |TAMS 0x0000000087800000, 0x0000000087800000| Untracked 
| 121|0x0000000087900000, 0x0000000087900000, 0x0000000087a00000|  0%| F|  |TAMS 0x0000000087900000, 0x0000000087900000| Untracked 
| 122|0x0000000087a00000, 0x0000000087a00000, 0x0000000087b00000|  0%| F|  |TAMS 0x0000000087a00000, 0x0000000087a00000| Untracked 
| 123|0x0000000087b00000, 0x0000000087b00000, 0x0000000087c00000|  0%| F|  |TAMS 0x0000000087b00000, 0x0000000087b00000| Untracked 
| 124|0x0000000087c00000, 0x0000000087c00000, 0x0000000087d00000|  0%| F|  |TAMS 0x0000000087c00000, 0x0000000087c00000| Untracked 
| 125|0x0000000087d00000, 0x0000000087d00000, 0x0000000087e00000|  0%| F|  |TAMS 0x0000000087d00000, 0x0000000087d00000| Untracked 
| 126|0x0000000087e00000, 0x0000000087e00000, 0x0000000087f00000|  0%| F|  |TAMS 0x0000000087e00000, 0x0000000087e00000| Untracked 
| 127|0x0000000087f00000, 0x0000000087fc58a0, 0x0000000088000000| 77%| S|CS|TAMS 0x0000000087f00000, 0x0000000087f00000| Complete 
| 128|0x0000000088000000, 0x0000000088000000, 0x0000000088100000|  0%| F|  |TAMS 0x0000000088000000, 0x0000000088000000| Untracked 
| 129|0x0000000088100000, 0x0000000088100000, 0x0000000088200000|  0%| F|  |TAMS 0x0000000088100000, 0x0000000088100000| Untracked 
| 130|0x0000000088200000, 0x0000000088200000, 0x0000000088300000|  0%| F|  |TAMS 0x0000000088200000, 0x0000000088200000| Untracked 
| 131|0x0000000088300000, 0x0000000088400000, 0x0000000088400000|100%| S|CS|TAMS 0x0000000088300000, 0x0000000088300000| Complete 
| 132|0x0000000088400000, 0x0000000088500000, 0x0000000088500000|100%| S|CS|TAMS 0x0000000088400000, 0x0000000088400000| Complete 
| 133|0x0000000088500000, 0x0000000088600000, 0x0000000088600000|100%| S|CS|TAMS 0x0000000088500000, 0x0000000088500000| Complete 
| 134|0x0000000088600000, 0x0000000088600000, 0x0000000088700000|  0%| F|  |TAMS 0x0000000088600000, 0x0000000088600000| Untracked 
| 135|0x0000000088700000, 0x0000000088700000, 0x0000000088800000|  0%| F|  |TAMS 0x0000000088700000, 0x0000000088700000| Untracked 
| 136|0x0000000088800000, 0x0000000088800000, 0x0000000088900000|  0%| F|  |TAMS 0x0000000088800000, 0x0000000088800000| Untracked 
| 137|0x0000000088900000, 0x0000000088900000, 0x0000000088a00000|  0%| F|  |TAMS 0x0000000088900000, 0x0000000088900000| Untracked 
| 138|0x0000000088a00000, 0x0000000088a00000, 0x0000000088b00000|  0%| F|  |TAMS 0x0000000088a00000, 0x0000000088a00000| Untracked 
| 139|0x0000000088b00000, 0x0000000088b00000, 0x0000000088c00000|  0%| F|  |TAMS 0x0000000088b00000, 0x0000000088b00000| Untracked 
| 140|0x0000000088c00000, 0x0000000088c00000, 0x0000000088d00000|  0%| F|  |TAMS 0x0000000088c00000, 0x0000000088c00000| Untracked 
| 141|0x0000000088d00000, 0x0000000088d00000, 0x0000000088e00000|  0%| F|  |TAMS 0x0000000088d00000, 0x0000000088d00000| Untracked 
| 142|0x0000000088e00000, 0x0000000088e00000, 0x0000000088f00000|  0%| F|  |TAMS 0x0000000088e00000, 0x0000000088e00000| Untracked 
| 143|0x0000000088f00000, 0x0000000088f00000, 0x0000000089000000|  0%| F|  |TAMS 0x0000000088f00000, 0x0000000088f00000| Untracked 
| 144|0x0000000089000000, 0x0000000089000000, 0x0000000089100000|  0%| F|  |TAMS 0x0000000089000000, 0x0000000089000000| Untracked 
| 145|0x0000000089100000, 0x0000000089100000, 0x0000000089200000|  0%| F|  |TAMS 0x0000000089100000, 0x0000000089100000| Untracked 
| 146|0x0000000089200000, 0x0000000089200000, 0x0000000089300000|  0%| F|  |TAMS 0x0000000089200000, 0x0000000089200000| Untracked 
| 147|0x0000000089300000, 0x0000000089300000, 0x0000000089400000|  0%| F|  |TAMS 0x0000000089300000, 0x0000000089300000| Untracked 
| 148|0x0000000089400000, 0x0000000089400000, 0x0000000089500000|  0%| F|  |TAMS 0x0000000089400000, 0x0000000089400000| Untracked 
| 149|0x0000000089500000, 0x0000000089500000, 0x0000000089600000|  0%| F|  |TAMS 0x0000000089500000, 0x0000000089500000| Untracked 
| 150|0x0000000089600000, 0x0000000089600000, 0x0000000089700000|  0%| F|  |TAMS 0x0000000089600000, 0x0000000089600000| Untracked 
| 151|0x0000000089700000, 0x0000000089700000, 0x0000000089800000|  0%| F|  |TAMS 0x0000000089700000, 0x0000000089700000| Untracked 
| 152|0x0000000089800000, 0x0000000089800000, 0x0000000089900000|  0%| F|  |TAMS 0x0000000089800000, 0x0000000089800000| Untracked 
| 153|0x0000000089900000, 0x0000000089900000, 0x0000000089a00000|  0%| F|  |TAMS 0x0000000089900000, 0x0000000089900000| Untracked 
| 154|0x0000000089a00000, 0x0000000089a00000, 0x0000000089b00000|  0%| F|  |TAMS 0x0000000089a00000, 0x0000000089a00000| Untracked 
| 155|0x0000000089b00000, 0x0000000089b00000, 0x0000000089c00000|  0%| F|  |TAMS 0x0000000089b00000, 0x0000000089b00000| Untracked 
| 156|0x0000000089c00000, 0x0000000089c00000, 0x0000000089d00000|  0%| F|  |TAMS 0x0000000089c00000, 0x0000000089c00000| Untracked 
| 157|0x0000000089d00000, 0x0000000089d00000, 0x0000000089e00000|  0%| F|  |TAMS 0x0000000089d00000, 0x0000000089d00000| Untracked 
| 158|0x0000000089e00000, 0x0000000089e00000, 0x0000000089f00000|  0%| F|  |TAMS 0x0000000089e00000, 0x0000000089e00000| Untracked 
| 159|0x0000000089f00000, 0x0000000089f00000, 0x000000008a000000|  0%| F|  |TAMS 0x0000000089f00000, 0x0000000089f00000| Untracked 
| 160|0x000000008a000000, 0x000000008a000000, 0x000000008a100000|  0%| F|  |TAMS 0x000000008a000000, 0x000000008a000000| Untracked 
| 161|0x000000008a100000, 0x000000008a100000, 0x000000008a200000|  0%| F|  |TAMS 0x000000008a100000, 0x000000008a100000| Untracked 
| 162|0x000000008a200000, 0x000000008a200000, 0x000000008a300000|  0%| F|  |TAMS 0x000000008a200000, 0x000000008a200000| Untracked 
| 163|0x000000008a300000, 0x000000008a300000, 0x000000008a400000|  0%| F|  |TAMS 0x000000008a300000, 0x000000008a300000| Untracked 
| 164|0x000000008a400000, 0x000000008a400000, 0x000000008a500000|  0%| F|  |TAMS 0x000000008a400000, 0x000000008a400000| Untracked 
| 165|0x000000008a500000, 0x000000008a500000, 0x000000008a600000|  0%| F|  |TAMS 0x000000008a500000, 0x000000008a500000| Untracked 
| 166|0x000000008a600000, 0x000000008a600000, 0x000000008a700000|  0%| F|  |TAMS 0x000000008a600000, 0x000000008a600000| Untracked 
| 167|0x000000008a700000, 0x000000008a700000, 0x000000008a800000|  0%| F|  |TAMS 0x000000008a700000, 0x000000008a700000| Untracked 
| 168|0x000000008a800000, 0x000000008a800000, 0x000000008a900000|  0%| F|  |TAMS 0x000000008a800000, 0x000000008a800000| Untracked 
| 169|0x000000008a900000, 0x000000008a900000, 0x000000008aa00000|  0%| F|  |TAMS 0x000000008a900000, 0x000000008a900000| Untracked 
| 170|0x000000008aa00000, 0x000000008aa00000, 0x000000008ab00000|  0%| F|  |TAMS 0x000000008aa00000, 0x000000008aa00000| Untracked 

Card table byte_map: [0x000001e17abb0000,0x000001e17afb0000] _byte_map_base: 0x000001e17a7b0000

Marking Bits (Prev, Next): (CMBitMap*) 0x000001e16777f7e8, (CMBitMap*) 0x000001e16777f820
 Prev Bits: [0x000001e17b3b0000, 0x000001e17d3b0000)
 Next Bits: [0x000001e17d3b0000, 0x000001e17f3b0000)

Polling page: 0x000001e1656c0000

Metaspace:

Usage:
  Non-class:     77.06 MB capacity,    75.74 MB ( 98%) used,     1.09 MB (  1%) free+waste,   229.00 KB ( <1%) overhead. 
      Class:     12.09 MB capacity,    11.34 MB ( 94%) used,   665.19 KB (  5%) free+waste,   106.75 KB ( <1%) overhead. 
       Both:     89.15 MB capacity,    87.08 MB ( 98%) used,     1.74 MB (  2%) free+waste,   335.75 KB ( <1%) overhead. 

Virtual space:
  Non-class space:       78.00 MB reserved,      77.25 MB (>99%) committed 
      Class space:        1.00 GB reserved,      12.13 MB (  1%) committed 
             Both:        1.08 GB reserved,      89.38 MB (  8%) committed 

Chunk freelists:
   Non-Class:  5.00 KB
       Class:  1.00 KB
        Both:  6.00 KB

MaxMetaspaceSize: 17179869184.00 GB
CompressedClassSpaceSize: 1.00 GB
Initial GC threshold: 20.80 MB
Current GC threshold: 139.59 MB
CDS: off

CodeHeap 'non-profiled nmethods': size=120000Kb used=4016Kb max_used=4016Kb free=115983Kb
 bounds [0x000001e172d20000, 0x000001e173110000, 0x000001e17a250000]
CodeHeap 'profiled nmethods': size=120000Kb used=17599Kb max_used=17599Kb free=102401Kb
 bounds [0x000001e16b7f0000, 0x000001e16c920000, 0x000001e172d20000]
CodeHeap 'non-nmethods': size=5760Kb used=2381Kb max_used=2416Kb free=3378Kb
 bounds [0x000001e16b250000, 0x000001e16b4c0000, 0x000001e16b7f0000]
 total_blobs=9177 nmethods=8280 adapters=806
 compilation: enabled
              stopped_count=0, restarted_count=0
 full_count=0

Compilation events (20 events):
Event: 15.902 Thread 0x000001e1021e8800 8505       2       org.gradle.internal.FileUtils::normalize (52 bytes)
Event: 15.902 Thread 0x000001e1021e8800 nmethod 8505 0x000001e16c918b90 code [0x000001e16c918da0, 0x000001e16c919038]
Event: 15.902 Thread 0x000001e1021e8800 8507       2       org.gradle.internal.typeconversion.NotationConverterToNotationParserAdapter$ResultImpl::converted (11 bytes)
Event: 15.903 Thread 0x000001e1021e8800 nmethod 8507 0x000001e16c919290 code [0x000001e16c919440, 0x000001e16c919598]
Event: 15.903 Thread 0x000001e1021e8800 8508       2       org.gradle.api.internal.file.AbstractBaseDirFileResolver::doResolve (114 bytes)
Event: 15.905 Thread 0x000001e1021e8800 nmethod 8508 0x000001e16c919610 code [0x000001e16c9199a0, 0x000001e16c91ab08]
Event: 15.905 Thread 0x000001e1021e8800 8509       2       org.gradle.api.internal.file.AbstractOpaqueFileCollection::<init> (6 bytes)
Event: 15.905 Thread 0x000001e1021e8800 nmethod 8509 0x000001e16c91b310 code [0x000001e16c91b4c0, 0x000001e16c91b5f8]
Event: 15.905 Thread 0x000001e1021e8800 8510       2       org.gradle.api.internal.tasks.DefaultTaskDependency::<init> (15 bytes)
Event: 15.905 Thread 0x000001e1021e8800 nmethod 8510 0x000001e16c91b690 code [0x000001e16c91b840, 0x000001e16c91b9d8]
Event: 15.905 Thread 0x000001e1021e8800 8511       1       org.gradle.api.internal.file.FileCollectionStructureVisitor::startVisit (2 bytes)
Event: 15.906 Thread 0x000001e1021e8800 nmethod 8511 0x000001e17310be90 code [0x000001e17310c040, 0x000001e17310c0f8]
Event: 15.907 Thread 0x000001e1021e8800 8512 %     3       org.apache.commons.io.FilenameUtils::failIfNullBytePresent @ 7 (37 bytes)
Event: 15.908 Thread 0x000001e1021e8800 nmethod 8512% 0x000001e16c91ba90 code [0x000001e16c91bce0, 0x000001e16c91c608]
Event: 15.908 Thread 0x000001e1021e8800 8513   !   2       org.gradle.api.internal.file.FileOrUriNotationConverter::convert (310 bytes)
Event: 15.911 Thread 0x000001e1021e8800 nmethod 8513 0x000001e16c91ca10 code [0x000001e16c91ce20, 0x000001e16c91e5e8]
Event: 15.911 Thread 0x000001e1021e8800 8514       2       org.gradle.util.internal.DeferredUtil::unpackNestableDeferred (37 bytes)
Event: 15.911 Thread 0x000001e1021e8800 nmethod 8514 0x000001e16c91f110 code [0x000001e16c91f300, 0x000001e16c91f6e8]
Event: 15.911 Thread 0x000001e1021e8800 8515       2       org.gradle.api.internal.file.CompositeFileCollection::<init> (6 bytes)
Event: 15.911 Thread 0x000001e1021e8800 nmethod 8515 0x000001e16c91f890 code [0x000001e16c91fa40, 0x000001e16c91fb78]

GC Heap History (20 events):
Event: 8.715 GC heap after
{Heap after GC invocations=13 (full 0):
 garbage-first heap   total 145408K, used 74281K [0x0000000080000000, 0x0000000100000000)
  region size 1024K, 7 young (7168K), 7 survivors (7168K)
 Metaspace       used 51877K, capacity 53326K, committed 53632K, reserved 1095680K
  class space    used 6681K, capacity 7211K, committed 7296K, reserved 1048576K
}
Event: 9.349 GC heap before
{Heap before GC invocations=13 (full 0):
 garbage-first heap   total 145408K, used 114217K [0x0000000080000000, 0x0000000100000000)
  region size 1024K, 46 young (47104K), 7 survivors (7168K)
 Metaspace       used 56964K, capacity 58523K, committed 58624K, reserved 1099776K
  class space    used 7342K, capacity 7878K, committed 7936K, reserved 1048576K
}
Event: 9.358 GC heap after
{Heap after GC invocations=14 (full 0):
 garbage-first heap   total 145408K, used 76404K [0x0000000080000000, 0x0000000100000000)
  region size 1024K, 2 young (2048K), 2 survivors (2048K)
 Metaspace       used 56964K, capacity 58523K, committed 58624K, reserved 1099776K
  class space    used 7342K, capacity 7878K, committed 7936K, reserved 1048576K
}
Event: 10.132 GC heap before
{Heap before GC invocations=15 (full 0):
 garbage-first heap   total 145408K, used 115316K [0x0000000080000000, 0x0000000100000000)
  region size 1024K, 40 young (40960K), 2 survivors (2048K)
 Metaspace       used 63040K, capacity 64763K, committed 65024K, reserved 1105920K
  class space    used 8079K, capacity 8675K, committed 8704K, reserved 1048576K
}
Event: 10.137 GC heap after
{Heap after GC invocations=16 (full 0):
 garbage-first heap   total 145408K, used 78811K [0x0000000080000000, 0x0000000100000000)
  region size 1024K, 4 young (4096K), 4 survivors (4096K)
 Metaspace       used 63040K, capacity 64763K, committed 65024K, reserved 1105920K
  class space    used 8079K, capacity 8675K, committed 8704K, reserved 1048576K
}
Event: 10.598 GC heap before
{Heap before GC invocations=16 (full 0):
 garbage-first heap   total 145408K, used 116699K [0x0000000080000000, 0x0000000100000000)
  region size 1024K, 42 young (43008K), 4 survivors (4096K)
 Metaspace       used 65717K, capacity 67428K, committed 67712K, reserved 1107968K
  class space    used 8401K, capacity 9003K, committed 9088K, reserved 1048576K
}
Event: 10.609 GC heap after
{Heap after GC invocations=17 (full 0):
 garbage-first heap   total 145408K, used 81624K [0x0000000080000000, 0x0000000100000000)
  region size 1024K, 6 young (6144K), 6 survivors (6144K)
 Metaspace       used 65717K, capacity 67428K, committed 67712K, reserved 1107968K
  class space    used 8401K, capacity 9003K, committed 9088K, reserved 1048576K
}
Event: 10.791 GC heap before
{Heap before GC invocations=18 (full 0):
 garbage-first heap   total 145408K, used 92888K [0x0000000080000000, 0x0000000100000000)
  region size 1024K, 18 young (18432K), 6 survivors (6144K)
 Metaspace       used 66766K, capacity 68457K, committed 68608K, reserved 1107968K
  class space    used 8542K, capacity 9153K, committed 9216K, reserved 1048576K
}
Event: 10.799 GC heap after
{Heap after GC invocations=19 (full 0):
 garbage-first heap   total 175104K, used 82874K [0x0000000080000000, 0x0000000100000000)
  region size 1024K, 2 young (2048K), 2 survivors (2048K)
 Metaspace       used 66766K, capacity 68457K, committed 68608K, reserved 1107968K
  class space    used 8542K, capacity 9153K, committed 9216K, reserved 1048576K
}
Event: 11.685 GC heap before
{Heap before GC invocations=20 (full 0):
 garbage-first heap   total 175104K, used 134074K [0x0000000080000000, 0x0000000100000000)
  region size 1024K, 51 young (52224K), 2 survivors (2048K)
 Metaspace       used 70030K, capacity 71790K, committed 72064K, reserved 1112064K
  class space    used 8953K, capacity 9575K, committed 9600K, reserved 1048576K
}
Event: 11.690 GC heap after
{Heap after GC invocations=21 (full 0):
 garbage-first heap   total 175104K, used 84849K [0x0000000080000000, 0x0000000100000000)
  region size 1024K, 4 young (4096K), 4 survivors (4096K)
 Metaspace       used 70030K, capacity 71790K, committed 72064K, reserved 1112064K
  class space    used 8953K, capacity 9575K, committed 9600K, reserved 1048576K
}
Event: 12.376 GC heap before
{Heap before GC invocations=21 (full 0):
 garbage-first heap   total 175104K, used 135025K [0x0000000080000000, 0x0000000100000000)
  region size 1024K, 53 young (54272K), 4 survivors (4096K)
 Metaspace       used 73652K, capacity 75422K, committed 75520K, reserved 1114112K
  class space    used 9543K, capacity 10167K, committed 10240K, reserved 1048576K
}
Event: 12.388 GC heap after
{Heap after GC invocations=22 (full 0):
 garbage-first heap   total 175104K, used 88235K [0x0000000080000000, 0x0000000100000000)
  region size 1024K, 7 young (7168K), 7 survivors (7168K)
 Metaspace       used 73652K, capacity 75422K, committed 75520K, reserved 1114112K
  class space    used 9543K, capacity 10167K, committed 10240K, reserved 1048576K
}
Event: 13.198 GC heap before
{Heap before GC invocations=23 (full 0):
 garbage-first heap   total 175104K, used 129195K [0x0000000080000000, 0x0000000100000000)
  region size 1024K, 48 young (49152K), 7 survivors (7168K)
 Metaspace       used 77761K, capacity 79555K, committed 79744K, reserved 1118208K
  class space    used 10129K, capacity 10807K, committed 10880K, reserved 1048576K
}
Event: 13.206 GC heap after
{Heap after GC invocations=24 (full 0):
 garbage-first heap   total 175104K, used 91261K [0x0000000080000000, 0x0000000100000000)
  region size 1024K, 7 young (7168K), 7 survivors (7168K)
 Metaspace       used 77761K, capacity 79555K, committed 79744K, reserved 1118208K
  class space    used 10129K, capacity 10807K, committed 10880K, reserved 1048576K
}
Event: 13.911 GC heap before
{Heap before GC invocations=25 (full 0):
 garbage-first heap   total 175104K, used 149629K [0x0000000080000000, 0x0000000100000000)
  region size 1024K, 54 young (55296K), 7 survivors (7168K)
 Metaspace       used 79932K, capacity 81990K, committed 82176K, reserved 1120256K
  class space    used 10453K, capacity 11244K, committed 11264K, reserved 1048576K
}
Event: 13.923 GC heap after
{Heap after GC invocations=26 (full 0):
 garbage-first heap   total 175104K, used 106453K [0x0000000080000000, 0x0000000100000000)
  region size 1024K, 7 young (7168K), 7 survivors (7168K)
 Metaspace       used 79932K, capacity 81990K, committed 82176K, reserved 1120256K
  class space    used 10453K, capacity 11244K, committed 11264K, reserved 1048576K
}
Event: 14.496 GC heap before
{Heap before GC invocations=26 (full 0):
 garbage-first heap   total 175104K, used 147413K [0x0000000080000000, 0x0000000100000000)
  region size 1024K, 47 young (48128K), 7 survivors (7168K)
 Metaspace       used 83143K, capacity 85214K, committed 85504K, reserved 1122304K
  class space    used 10888K, capacity 11650K, committed 11776K, reserved 1048576K
}
Event: 14.506 GC heap after
{Heap after GC invocations=27 (full 0):
 garbage-first heap   total 175104K, used 109384K [0x0000000080000000, 0x0000000100000000)
  region size 1024K, 3 young (3072K), 3 survivors (3072K)
 Metaspace       used 83143K, capacity 85214K, committed 85504K, reserved 1122304K
  class space    used 10888K, capacity 11650K, committed 11776K, reserved 1048576K
}
Event: 15.914 GC heap before
{Heap before GC invocations=28 (full 0):
 garbage-first heap   total 175104K, used 147272K [0x0000000080000000, 0x0000000100000000)
  region size 1024K, 40 young (40960K), 3 survivors (3072K)
 Metaspace       used 89173K, capacity 91290K, committed 91520K, reserved 1128448K
  class space    used 11611K, capacity 12383K, committed 12416K, reserved 1048576K
}

Deoptimization events (20 events):
Event: 13.939 Thread 0x000001e10386f800 Uncommon trap: trap_request=0xffffffc6 fr.pc=0x000001e172ebb2d0 relative=0x00000000000008f0
Event: 13.939 Thread 0x000001e10386f800 Uncommon trap: reason=bimorphic_or_optimized_type_check action=maybe_recompile pc=0x000001e172ebb2d0 method=java.lang.Throwable.<init>(Ljava/lang/String;Ljava/lang/Throwable;)V @ 24 c2
Event: 13.939 Thread 0x000001e10386f800 DEOPT PACKING pc=0x000001e172ebb2d0 sp=0x0000002ec7bfbc80
Event: 13.939 Thread 0x000001e10386f800 DEOPT UNPACKING pc=0x000001e16b29a1af sp=0x0000002ec7bfbc48 mode 2
Event: 14.096 Thread 0x000001e10386f800 DEOPT PACKING pc=0x000001e16c119d4a sp=0x0000002ec7bf9c70
Event: 14.096 Thread 0x000001e10386f800 DEOPT UNPACKING pc=0x000001e16b29a95e sp=0x0000002ec7bf9168 mode 0
Event: 14.276 Thread 0x000001e10386f800 DEOPT PACKING pc=0x000001e16c119d4a sp=0x0000002ec7bf9ab0
Event: 14.276 Thread 0x000001e10386f800 DEOPT UNPACKING pc=0x000001e16b29a95e sp=0x0000002ec7bf8fa8 mode 0
Event: 14.898 Thread 0x000001e10386f800 Uncommon trap: trap_request=0xffffff4d fr.pc=0x000001e172ec7b5c relative=0x00000000000019bc
Event: 14.898 Thread 0x000001e10386f800 Uncommon trap: reason=unstable_if action=reinterpret pc=0x000001e172ec7b5c method=sun.nio.fs.WindowsPathParser.normalize(Ljava/lang/StringBuilder;Ljava/lang/String;I)Ljava/lang/String; @ 172 c2
Event: 14.898 Thread 0x000001e10386f800 DEOPT PACKING pc=0x000001e172ec7b5c sp=0x0000002ec7bf99d0
Event: 14.898 Thread 0x000001e10386f800 DEOPT UNPACKING pc=0x000001e16b29a1af sp=0x0000002ec7bf99a0 mode 2
Event: 15.148 Thread 0x000001e10386f800 Uncommon trap: trap_request=0xffffff4d fr.pc=0x000001e172ecba28 relative=0x0000000000000828
Event: 15.148 Thread 0x000001e10386f800 Uncommon trap: reason=unstable_if action=reinterpret pc=0x000001e172ecba28 method=java.util.jar.JarFile.getVersionedEntry(Ljava/lang/String;Ljava/util/jar/JarEntry;)Ljava/util/jar/JarEntry; @ 67 c2
Event: 15.149 Thread 0x000001e10386f800 DEOPT PACKING pc=0x000001e172ecba28 sp=0x0000002ec7bf7c80
Event: 15.149 Thread 0x000001e10386f800 DEOPT UNPACKING pc=0x000001e16b29a1af sp=0x0000002ec7bf7c68 mode 2
Event: 15.838 Thread 0x000001e10386f800 Uncommon trap: trap_request=0xffffff4d fr.pc=0x000001e172fbc1d8 relative=0x0000000000000178
Event: 15.838 Thread 0x000001e10386f800 Uncommon trap: reason=unstable_if action=reinterpret pc=0x000001e172fbc1d8 method=java.lang.Integer.parseInt(Ljava/lang/String;I)I @ 195 c2
Event: 15.838 Thread 0x000001e10386f800 DEOPT PACKING pc=0x000001e172fbc1d8 sp=0x0000002ec7bf9dc0
Event: 15.838 Thread 0x000001e10386f800 DEOPT UNPACKING pc=0x000001e16b29a1af sp=0x0000002ec7bf9d30 mode 2

Classes redefined (0 events):
No events

Internal exceptions (20 events):
Event: 14.129 Thread 0x000001e10386f800 Exception <a 'java/lang/ClassNotFoundException'{0x00000000898283e8}: java/util/ArrayListCustomizer> (0x00000000898283e8) thrown at [./src/hotspot/share/classfile/systemDictionary.cpp, line 231]
Event: 14.137 Thread 0x000001e10386f800 Exception <a 'java/lang/ClassNotFoundException'{0x00000000898c3ca8}: java/util/CollectionBeanInfo> (0x00000000898c3ca8) thrown at [./src/hotspot/share/classfile/systemDictionary.cpp, line 231]
Event: 14.137 Thread 0x000001e10386f800 Exception <a 'java/lang/ClassNotFoundException'{0x00000000898ccdb8}: java/util/CollectionCustomizer> (0x00000000898ccdb8) thrown at [./src/hotspot/share/classfile/systemDictionary.cpp, line 231]
Event: 14.149 Thread 0x000001e10386f800 Exception <a 'java/lang/ClassNotFoundException'{0x0000000089751ae0}: org/gradle/api/tasks/SourceSetBeanInfo> (0x0000000089751ae0) thrown at [./src/hotspot/share/classfile/systemDictionary.cpp, line 231]
Event: 14.150 Thread 0x000001e10386f800 Exception <a 'java/lang/ClassNotFoundException'{0x000000008976d6f0}: org/gradle/api/tasks/SourceSetCustomizer> (0x000000008976d6f0) thrown at [./src/hotspot/share/classfile/systemDictionary.cpp, line 231]
Event: 14.153 Thread 0x000001e10386f800 Exception <a 'java/lang/ClassNotFoundException'{0x00000000897e7650}: java/util/LinkedHashMapBeanInfo> (0x00000000897e7650) thrown at [./src/hotspot/share/classfile/systemDictionary.cpp, line 231]
Event: 14.154 Thread 0x000001e10386f800 Exception <a 'java/lang/ClassNotFoundException'{0x00000000897efeb0}: java/util/HashMapBeanInfo> (0x00000000897efeb0) thrown at [./src/hotspot/share/classfile/systemDictionary.cpp, line 231]
Event: 14.154 Thread 0x000001e10386f800 Exception <a 'java/lang/ClassNotFoundException'{0x00000000897f9498}: java/util/AbstractMapBeanInfo> (0x00000000897f9498) thrown at [./src/hotspot/share/classfile/systemDictionary.cpp, line 231]
Event: 14.154 Thread 0x000001e10386f800 Exception <a 'java/lang/ClassNotFoundException'{0x0000000089602ac8}: java/util/AbstractMapCustomizer> (0x0000000089602ac8) thrown at [./src/hotspot/share/classfile/systemDictionary.cpp, line 231]
Event: 14.155 Thread 0x000001e10386f800 Exception <a 'java/lang/ClassNotFoundException'{0x0000000089615758}: java/util/HashMapCustomizer> (0x0000000089615758) thrown at [./src/hotspot/share/classfile/systemDictionary.cpp, line 231]
Event: 14.156 Thread 0x000001e10386f800 Exception <a 'java/lang/ClassNotFoundException'{0x00000000896365b0}: java/util/LinkedHashMapCustomizer> (0x00000000896365b0) thrown at [./src/hotspot/share/classfile/systemDictionary.cpp, line 231]
Event: 14.527 Thread 0x000001e10386f800 Exception <a 'java/lang/NoSuchMethodError'{0x000000008aad64a0}: <clinit>> (0x000000008aad64a0) thrown at [./src/hotspot/share/prims/jni.cpp, line 1365]
Event: 14.838 Thread 0x000001e10386f800 Exception <a 'sun/nio/fs/WindowsException'{0x000000008a3f9458}> (0x000000008a3f9458) thrown at [./src/hotspot/share/prims/jni.cpp, line 615]
Event: 14.839 Thread 0x000001e10386f800 Exception <a 'sun/nio/fs/WindowsException'{0x000000008a3f98b0}> (0x000000008a3f98b0) thrown at [./src/hotspot/share/prims/jni.cpp, line 615]
Event: 15.304 Thread 0x000001e10386f800 Exception <a 'java/lang/NullPointerException'{0x00000000899f5a60}> (0x00000000899f5a60) thrown at [./src/hotspot/share/interpreter/linkResolver.cpp, line 1440]
Event: 15.752 Thread 0x000001e10386f800 Exception <a 'java/lang/NoSuchMethodError'{0x00000000889a7e58}: 'int java.lang.invoke.DirectMethodHandle$Holder.invokeStatic(java.lang.Object, java.lang.Object, int, java.lang.Object)'> (0x00000000889a7e58) thrown at [./src/hotspot/share/interpreter/linkResolver.cpp, line 773]
Event: 15.844 Thread 0x000001e10386f800 Exception <a 'sun/nio/fs/WindowsException'{0x00000000888ce240}> (0x00000000888ce240) thrown at [./src/hotspot/share/prims/jni.cpp, line 615]
Event: 15.845 Thread 0x000001e10386f800 Exception <a 'sun/nio/fs/WindowsException'{0x00000000888cf280}> (0x00000000888cf280) thrown at [./src/hotspot/share/prims/jni.cpp, line 615]
Event: 15.845 Thread 0x000001e10386f800 Exception <a 'sun/nio/fs/WindowsException'{0x00000000888d0310}> (0x00000000888d0310) thrown at [./src/hotspot/share/prims/jni.cpp, line 615]
Event: 15.845 Thread 0x000001e10386f800 Exception <a 'sun/nio/fs/WindowsException'{0x00000000888d13a0}> (0x00000000888d13a0) thrown at [./src/hotspot/share/prims/jni.cpp, line 615]

Events (20 events):
Event: 15.903 loading class com/android/build/gradle/internal/ide/v2/SourceSetContainerImpl done
Event: 15.904 loading class com/android/builder/model/v2/ide/SourceSetContainer
Event: 15.904 loading class com/android/builder/model/v2/ide/SourceSetContainer done
Event: 15.905 loading class com/android/build/gradle/internal/ide/v2/SourceSetContainerImpl$Companion
Event: 15.905 loading class com/android/build/gradle/internal/ide/v2/SourceSetContainerImpl$Companion done
Event: 15.909 loading class com/android/build/gradle/internal/ide/v2/BasicArtifactImpl
Event: 15.909 loading class com/android/build/gradle/internal/ide/v2/BasicArtifactImpl done
Event: 15.910 loading class com/android/builder/model/v2/ide/BasicArtifact
Event: 15.910 loading class com/android/builder/model/v2/ide/BasicArtifact done
Event: 15.911 loading class com/android/build/gradle/internal/ide/v2/BasicArtifactImpl$Companion
Event: 15.911 loading class com/android/build/gradle/internal/ide/v2/BasicArtifactImpl$Companion done
Event: 15.911 loading class com/android/build/gradle/internal/ide/v2/BasicVariantImpl
Event: 15.911 loading class com/android/build/gradle/internal/ide/v2/BasicVariantImpl done
Event: 15.912 loading class com/android/builder/model/v2/ide/BasicVariant
Event: 15.912 loading class com/android/builder/model/v2/ide/BasicVariant done
Event: 15.913 loading class com/android/build/gradle/internal/ide/v2/BasicVariantImpl$Companion
Event: 15.913 loading class com/android/build/gradle/internal/ide/v2/BasicVariantImpl$Companion done
Event: 15.913 loading class com/android/build/gradle/internal/ide/v2/BasicAndroidProjectImpl
Event: 15.913 loading class com/android/build/gradle/internal/ide/v2/BasicAndroidProjectImpl done
Event: 15.914 Executing VM operation: G1CollectForAllocation


Dynamic libraries:
0x00007ff7f94f0000 - 0x00007ff7f94fa000 	C:\Program Files\Android\Android Studio\jre\bin\java.exe
0x00007ff9fddd0000 - 0x00007ff9fdfc8000 	C:\Windows\SYSTEM32\ntdll.dll
0x00007ff9fda90000 - 0x00007ff9fdb4f000 	C:\Windows\System32\KERNEL32.DLL
0x00007ff9fb5f0000 - 0x00007ff9fb8c2000 	C:\Windows\System32\KERNELBASE.dll
0x00007ff9fbab0000 - 0x00007ff9fbbb0000 	C:\Windows\System32\ucrtbase.dll
0x00007ff9f67c0000 - 0x00007ff9f67d7000 	C:\Program Files\Android\Android Studio\jre\bin\VCRUNTIME140.dll
0x00007ff9f5730000 - 0x00007ff9f5749000 	C:\Program Files\Android\Android Studio\jre\bin\jli.dll
0x00007ff9fcac0000 - 0x00007ff9fcc5d000 	C:\Windows\System32\USER32.dll
0x00007ff9d6560000 - 0x00007ff9d67fa000 	C:\Windows\WinSxS\amd64_microsoft.windows.common-controls_6595b64144ccf1df_6.0.19041.1110_none_60b5254171f9507e\COMCTL32.dll
0x00007ff9fb4d0000 - 0x00007ff9fb4f2000 	C:\Windows\System32\win32u.dll
0x00007ff9fdbc0000 - 0x00007ff9fdc5e000 	C:\Windows\System32\msvcrt.dll
0x00007ff9fcdd0000 - 0x00007ff9fcdfb000 	C:\Windows\System32\GDI32.dll
0x00007ff9fbbb0000 - 0x00007ff9fbcbf000 	C:\Windows\System32\gdi32full.dll
0x00007ff9fb8d0000 - 0x00007ff9fb96d000 	C:\Windows\System32\msvcp_win.dll
0x00007ff9fc820000 - 0x00007ff9fc852000 	C:\Windows\System32\IMM32.DLL
0x00007ff9e4af0000 - 0x00007ff9e4b8d000 	C:\Program Files\Android\Android Studio\jre\bin\msvcp140.dll
0x00007ff9b40b0000 - 0x00007ff9b4b95000 	C:\Program Files\Android\Android Studio\jre\bin\server\jvm.dll
0x00007ff9fc260000 - 0x00007ff9fc30e000 	C:\Windows\System32\ADVAPI32.dll
0x00007ff9fce00000 - 0x00007ff9fce9c000 	C:\Windows\System32\sechost.dll
0x00007ff9fdc60000 - 0x00007ff9fdd85000 	C:\Windows\System32\RPCRT4.dll
0x00007ff9fcea0000 - 0x00007ff9fcea8000 	C:\Windows\System32\PSAPI.DLL
0x00007ff9f0580000 - 0x00007ff9f05a7000 	C:\Windows\SYSTEM32\WINMM.dll
0x00007ff9f8b70000 - 0x00007ff9f8b79000 	C:\Windows\SYSTEM32\WSOCK32.dll
0x00007ff9f37a0000 - 0x00007ff9f37aa000 	C:\Windows\SYSTEM32\VERSION.dll
0x00007ff9fdb50000 - 0x00007ff9fdbbb000 	C:\Windows\System32\WS2_32.dll
0x00007ff9f9390000 - 0x00007ff9f93a2000 	C:\Windows\SYSTEM32\kernel.appcore.dll
0x00007ff9f56f0000 - 0x00007ff9f5701000 	C:\Program Files\Android\Android Studio\jre\bin\verify.dll
0x00007ff9e8300000 - 0x00007ff9e84e4000 	C:\Windows\SYSTEM32\DBGHELP.DLL
0x00007ff9e7e50000 - 0x00007ff9e7e7c000 	C:\Windows\SYSTEM32\dbgcore.DLL
0x00007ff9fb970000 - 0x00007ff9fb9f2000 	C:\Windows\System32\bcryptPrimitives.dll
0x00007ff9e7fa0000 - 0x00007ff9e7fc9000 	C:\Program Files\Android\Android Studio\jre\bin\java.dll
0x00007ff9f5cd0000 - 0x00007ff9f5cdb000 	C:\Program Files\Android\Android Studio\jre\bin\jimage.dll
0x00007ff9e7f80000 - 0x00007ff9e7f98000 	C:\Program Files\Android\Android Studio\jre\bin\zip.dll
0x00007ff9fd210000 - 0x00007ff9fd953000 	C:\Windows\System32\SHELL32.dll
0x00007ff9f9590000 - 0x00007ff9f9d22000 	C:\Windows\SYSTEM32\windows.storage.dll
0x00007ff9fceb0000 - 0x00007ff9fd204000 	C:\Windows\System32\combase.dll
0x00007ff9fae50000 - 0x00007ff9fae80000 	C:\Windows\SYSTEM32\Wldp.dll
0x00007ff9fc120000 - 0x00007ff9fc1cd000 	C:\Windows\System32\SHCORE.dll
0x00007ff9fc860000 - 0x00007ff9fc8b5000 	C:\Windows\System32\shlwapi.dll
0x00007ff9fb410000 - 0x00007ff9fb42f000 	C:\Windows\SYSTEM32\profapi.dll
0x00007ff9e7f60000 - 0x00007ff9e7f7a000 	C:\Program Files\Android\Android Studio\jre\bin\net.dll
0x00007ff9ec570000 - 0x00007ff9ec67c000 	C:\Windows\SYSTEM32\WINHTTP.dll
0x00007ff9fabb0000 - 0x00007ff9fac1a000 	C:\Windows\system32\mswsock.dll
0x00007ff9e7f40000 - 0x00007ff9e7f54000 	C:\Program Files\Android\Android Studio\jre\bin\nio.dll
0x00007ff9e5c30000 - 0x00007ff9e5c57000 	C:\Users\Carlos S烱chez Abad\.gradle\native\e1d6ef7f7dcc3fd88c89a11ec53ec762bb8ba0a96d01ffa2cd45eb1d1d8dd5c5\windows-amd64\native-platform.dll
0x00007ff9cbbf0000 - 0x00007ff9cbd34000 	C:\Users\Carlos S烱chez Abad\.gradle\native\5664cfc778a61ccfe75a443a1ab52a65af34e5dc3c78e0209fed803814484fcb\windows-amd64\native-platform-file-events.dll
0x00007ff9f44b0000 - 0x00007ff9f44ba000 	C:\Program Files\Android\Android Studio\jre\bin\management.dll
0x00007ff9e7f30000 - 0x00007ff9e7f3d000 	C:\Program Files\Android\Android Studio\jre\bin\management_ext.dll
0x00007ff9fada0000 - 0x00007ff9fadb8000 	C:\Windows\SYSTEM32\CRYPTSP.dll
0x00007ff9fa4d0000 - 0x00007ff9fa504000 	C:\Windows\system32\rsaenh.dll
0x00007ff9fb5c0000 - 0x00007ff9fb5e7000 	C:\Windows\System32\bcrypt.dll
0x00007ff9fb3d0000 - 0x00007ff9fb3fe000 	C:\Windows\SYSTEM32\USERENV.dll
0x00007ff9fadc0000 - 0x00007ff9fadcc000 	C:\Windows\SYSTEM32\CRYPTBASE.dll
0x00007ff9fa8a0000 - 0x00007ff9fa8db000 	C:\Windows\SYSTEM32\IPHLPAPI.DLL
0x00007ff9fbfe0000 - 0x00007ff9fbfe8000 	C:\Windows\System32\NSI.dll
0x00007ff9f2a70000 - 0x00007ff9f2a87000 	C:\Windows\SYSTEM32\dhcpcsvc6.DLL
0x00007ff9f2980000 - 0x00007ff9f299d000 	C:\Windows\SYSTEM32\dhcpcsvc.DLL
0x00007ff9fa8e0000 - 0x00007ff9fa9aa000 	C:\Windows\SYSTEM32\DNSAPI.dll

dbghelp: loaded successfully - version: 4.0.5 - missing functions: none
symbol engine: initialized successfully - sym options: 0x614 - pdb path: .;C:\Program Files\Android\Android Studio\jre\bin;C:\Windows\SYSTEM32;C:\Windows\WinSxS\amd64_microsoft.windows.common-controls_6595b64144ccf1df_6.0.19041.1110_none_60b5254171f9507e;C:\Program Files\Android\Android Studio\jre\bin\server;C:\Users\Carlos S烱chez Abad\.gradle\native\e1d6ef7f7dcc3fd88c89a11ec53ec762bb8ba0a96d01ffa2cd45eb1d1d8dd5c5\windows-amd64;C:\Users\Carlos S烱chez Abad\.gradle\native\5664cfc778a61ccfe75a443a1ab52a65af34e5dc3c78e0209fed803814484fcb\windows-amd64

VM Arguments:
jvm_args: --add-opens=java.base/java.util=ALL-UNNAMED --add-opens=java.base/java.lang=ALL-UNNAMED --add-opens=java.base/java.lang.invoke=ALL-UNNAMED --add-opens=java.base/java.util=ALL-UNNAMED --add-opens=java.prefs/java.util.prefs=ALL-UNNAMED --add-opens=java.prefs/java.util.prefs=ALL-UNNAMED --add-opens=java.base/java.nio.charset=ALL-UNNAMED --add-opens=java.base/java.net=ALL-UNNAMED --add-opens=java.base/java.util.concurrent.atomic=ALL-UNNAMED -Xmx2048m -Dfile.encoding=UTF-8 -Duser.country=ES -Duser.language=es -Duser.variant 
java_command: org.gradle.launcher.daemon.bootstrap.GradleDaemon 7.3.3
java_class_path (initial): C:\Users\Carlos S烱chez Abad\.gradle\wrapper\dists\gradle-7.3.3-bin\6a41zxkdtcxs8rphpq6y0069z\gradle-7.3.3\lib\gradle-launcher-7.3.3.jar
Launcher Type: SUN_STANDARD

[Global flags]
     intx CICompilerCount                          = 4                                         {product} {ergonomic}
     uint ConcGCThreads                            = 3                                         {product} {ergonomic}
     uint G1ConcRefinementThreads                  = 10                                        {product} {ergonomic}
   size_t G1HeapRegionSize                         = 1048576                                   {product} {ergonomic}
    uintx GCDrainStackTargetSize                   = 64                                        {product} {ergonomic}
   size_t InitialHeapSize                          = 123731968                                 {product} {ergonomic}
   size_t MarkStackSize                            = 4194304                                   {product} {ergonomic}
   size_t MaxHeapSize                              = 2147483648                                {product} {command line}
   size_t MaxNewSize                               = 1287651328                                {product} {ergonomic}
   size_t MinHeapDeltaBytes                        = 1048576                                   {product} {ergonomic}
    uintx NonNMethodCodeHeapSize                   = 5836300                                {pd product} {ergonomic}
    uintx NonProfiledCodeHeapSize                  = 122910970                              {pd product} {ergonomic}
    uintx ProfiledCodeHeapSize                     = 122910970                              {pd product} {ergonomic}
    uintx ReservedCodeCacheSize                    = 251658240                              {pd product} {ergonomic}
     bool SegmentedCodeCache                       = true                                      {product} {ergonomic}
     bool UseCompressedClassPointers               = true                                 {lp64_product} {ergonomic}
     bool UseCompressedOops                        = true                                 {lp64_product} {ergonomic}
     bool UseG1GC                                  = true                                      {product} {ergonomic}
     bool UseLargePagesIndividualAllocation        = false                                  {pd product} {ergonomic}

Logging:
Log output configuration:
 #0: stdout all=warning uptime,level,tags
 #1: stderr all=off uptime,level,tags

Environment Variables:
PATH=C:\Program Files\Microsoft\jdk-11.0.12.7-hotspot\bin;C:\Windows\system32;C:\Windows;C:\Windows\System32\Wbem;C:\Windows\System32\WindowsPowerShell\v1.0\;C:\Windows\System32\OpenSSH\;C:\Program Files\PuTTY\;C:\Program Files\Microsoft SQL Server\120\Tools\Binn\;C:\Program Files\dotnet\;C:\Program Files\Microsoft SQL Server\150\Tools\Binn\;C:\Program Files\Microsoft SQL Server\Client SDK\ODBC\170\Tools\Binn\;C:\Program Files\Git\cmd;C:\Users\Carlos S烱chez Abad\AppData\Local\GitHubDesktop\app-3.0.3\resources\app\git\cmd;C:\Users\Carlos S烱chez Abad\AppData\Local\Microsoft\WindowsApps;C:\Users\Carlos S烱chez Abad\AppData\Local\Programs\Microsoft VS Code\bin;C:\Users\Carlos S烱chez Abad\AppData\Local\GitHubDesktop\bin;C:\Users\Carlos S烱chez Abad\.dotnet\tools;C:\Users\Carlos S烱chez Abad\AppData\Local\GitHubDesktop\app-3.0.3\resources\app\git\cmd;
USERNAME=Carlos S烱chez Abad
OS=Windows_NT
PROCESSOR_IDENTIFIER=AMD64 Family 25 Model 80 Stepping 0, AuthenticAMD



---------------  S Y S T E M  ---------------

OS: Windows 10 , 64 bit Build 19041 (10.0.19041.2251)
OS uptime: 0 days 1:16 hours

CPU:total 12 (initial active 12) (12 cores per cpu, 2 threads per core) family 25 model 80 stepping 0 microcode 0x0, cmov, cx8, fxsr, mmx, sse, sse2, sse3, ssse3, sse4.1, sse4.2, popcnt, avx, avx2, aes, clmul, erms, mmxext, 3dnowpref, lzcnt, sse4a, ht, tsc, tscinvbit, tscinv, bmi1, bmi2, adx, sha, fma

Memory: 4k page, system-wide physical 7524M (432M free)
TotalPageFile size 13015M (AvailPageFile size 7M)
current process WorkingSet (physical memory assigned to process): 402M, peak: 414M
current process commit charge ("private bytes"): 490M, peak: 525M

vm_info: OpenJDK 64-Bit Server VM (11.0.12+7-b1504.28-7817840) for windows-amd64 JRE (11.0.12+7-b1504.28-7817840), built on Oct 13 2021 22:12:33 by "builder" with MS VC++ 14.0 (VS2015)

END.
