#
# There is insufficient memory for the Java Runtime Environment to continue.
# Native memory allocation (mmap) failed to map 123731968 bytes for Failed to commit area from 0x000000008a600000 to 0x0000000091c00000 of length 123731968.
# Possible reasons:
#   The system is out of physical RAM or swap space
#   The process is running with CompressedOops enabled, and the Java Heap may be blocking the growth of the native heap
# Possible solutions:
#   Reduce memory load on the system
#   Increase physical memory or swap space
#   Check if swap backing store is full
#   Decrease Java heap size (-Xmx/-Xms)
#   Decrease number of Java threads
#   Decrease Java thread stack sizes (-Xss)
#   Set larger code cache with -XX:ReservedCodeCacheSize=
# This output file may be truncated or incomplete.
#
#  Out of Memory Error (./src/hotspot/os/windows/os_windows.cpp:3521), pid=19156, tid=9480
#
# JRE version:  (11.0.12+7) (build )
# Java VM: OpenJDK 64-Bit Server VM (11.0.12+7-b1504.28-7817840, mixed mode, sharing, tiered, compressed oops, g1 gc, windows-amd64)
# No core dump will be written. Minidumps are not enabled by default on client versions of Windows
#

---------------  S U M M A R Y ------------

Command Line: org.jetbrains.kotlin.cli.jvm.K2JVMCompiler @E:\2n DAM-VIOD\StreamComics\app\build\20221217_11748688197495105386.compiler.options

Host: AMD Ryzen 5 5600H with Radeon Graphics         , 12 cores, 7G,  Windows 10 , 64 bit Build 19041 (10.0.19041.2251)
Time: Sat Dec 17 18:05:21 2022 Hora estándar romance elapsed time: 0.015368 seconds (0d 0h 0m 0s)

---------------  T H R E A D  ---------------

Current thread (0x00000183a2c0b800):  JavaThread "Unknown thread" [_thread_in_vm, id=9480, stack(0x00000026d5500000,0x00000026d5600000)]

Stack: [0x00000026d5500000,0x00000026d5600000]
Native frames: (J=compiled Java code, j=interpreted, Vv=VM code, C=native code)
V  [jvm.dll+0x5fbcea]
V  [jvm.dll+0x731905]
V  [jvm.dll+0x732f1d]
V  [jvm.dll+0x7335d3]
V  [jvm.dll+0x247bf8]
V  [jvm.dll+0x5f90b4]
V  [jvm.dll+0x5edc85]
V  [jvm.dll+0x305aeb]
V  [jvm.dll+0x305a5a]
V  [jvm.dll+0x305932]
V  [jvm.dll+0x30a896]
V  [jvm.dll+0x353803]
V  [jvm.dll+0x353f06]
V  [jvm.dll+0x353903]
V  [jvm.dll+0x2e0678]
V  [jvm.dll+0x2e1827]
V  [jvm.dll+0x710037]
V  [jvm.dll+0x71182c]
V  [jvm.dll+0x360da9]
V  [jvm.dll+0x6f390e]
V  [jvm.dll+0x3c9723]
V  [jvm.dll+0x3cb9b1]
C  [jli.dll+0x536b]
C  [ucrtbase.dll+0x21bb2]
C  [KERNEL32.DLL+0x174b4]
C  [ntdll.dll+0x526a1]


---------------  P R O C E S S  ---------------

Threads class SMR info:
_java_thread_list=0x00000183a2a99070, length=0, elements={
}

Java Threads: ( => current thread )

Other Threads:
  0x00000183a2c23800 GCTaskThread "GC Thread#0" [stack: 0x00000026d5600000,0x00000026d5700000] [id=4352]
  0x00000183a2c52000 ConcurrentGCThread "G1 Main Marker" [stack: 0x00000026d5700000,0x00000026d5800000] [id=16264]
  0x00000183a2c55000 ConcurrentGCThread "G1 Conc#0" [stack: 0x00000026d5800000,0x00000026d5900000] [id=18232]

[error occurred during error reporting (printing all threads), id 0xc0000005, EXCEPTION_ACCESS_VIOLATION (0xc0000005) at pc=0x00007ff9b43a0be7]

VM state:not at safepoint (not fully initialized)

VM Mutex/Monitor currently owned by a thread:  ([mutex/lock_event])
[0x00000183a2c07670] Heap_lock - owner thread: 0x00000183a2c0b800

Heap address: 0x000000008a600000, size: 1882 MB, Compressed Oops mode: Non-zero based: 0x000000008a600000
Narrow klass base: 0x0000000000000000, Narrow klass shift: 0

GC Heap History (0 events):
No events

Deoptimization events (0 events):
No events

Classes redefined (0 events):
No events

Internal exceptions (0 events):
No events

Events (1 events):
Event: 0.010 Loaded shared library C:\Program Files\Android\Android Studio\jre\bin\zip.dll


Dynamic libraries:
0x00007ff7a3870000 - 0x00007ff7a387a000 	C:\Program Files\Android\Android Studio\jre\bin\java.exe
0x00007ff9fddd0000 - 0x00007ff9fdfc8000 	C:\Windows\SYSTEM32\ntdll.dll
0x00007ff9fda90000 - 0x00007ff9fdb4f000 	C:\Windows\System32\KERNEL32.DLL
0x00007ff9fb5f0000 - 0x00007ff9fb8c2000 	C:\Windows\System32\KERNELBASE.dll
0x00007ff9fbab0000 - 0x00007ff9fbbb0000 	C:\Windows\System32\ucrtbase.dll
0x00007ff9f6960000 - 0x00007ff9f6977000 	C:\Program Files\Android\Android Studio\jre\bin\VCRUNTIME140.dll
0x00007ff9f6fd0000 - 0x00007ff9f6fe9000 	C:\Program Files\Android\Android Studio\jre\bin\jli.dll
0x00007ff9fcac0000 - 0x00007ff9fcc5d000 	C:\Windows\System32\USER32.dll
0x00007ff9d6560000 - 0x00007ff9d67fa000 	C:\Windows\WinSxS\amd64_microsoft.windows.common-controls_6595b64144ccf1df_6.0.19041.1110_none_60b5254171f9507e\COMCTL32.dll
0x00007ff9fb4d0000 - 0x00007ff9fb4f2000 	C:\Windows\System32\win32u.dll
0x00007ff9fdbc0000 - 0x00007ff9fdc5e000 	C:\Windows\System32\msvcrt.dll
0x00007ff9fcdd0000 - 0x00007ff9fcdfb000 	C:\Windows\System32\GDI32.dll
0x00007ff9fbbb0000 - 0x00007ff9fbcbf000 	C:\Windows\System32\gdi32full.dll
0x00007ff9fb8d0000 - 0x00007ff9fb96d000 	C:\Windows\System32\msvcp_win.dll
0x00007ff9fc820000 - 0x00007ff9fc852000 	C:\Windows\System32\IMM32.DLL
0x00007ff9f68c0000 - 0x00007ff9f695d000 	C:\Program Files\Android\Android Studio\jre\bin\msvcp140.dll
0x00007ff9b40b0000 - 0x00007ff9b4b95000 	C:\Program Files\Android\Android Studio\jre\bin\server\jvm.dll
0x00007ff9fc260000 - 0x00007ff9fc30e000 	C:\Windows\System32\ADVAPI32.dll
0x00007ff9fce00000 - 0x00007ff9fce9c000 	C:\Windows\System32\sechost.dll
0x00007ff9fdc60000 - 0x00007ff9fdd85000 	C:\Windows\System32\RPCRT4.dll
0x00007ff9fcea0000 - 0x00007ff9fcea8000 	C:\Windows\System32\PSAPI.DLL
0x00007ff9f8b70000 - 0x00007ff9f8b79000 	C:\Windows\SYSTEM32\WSOCK32.dll
0x00007ff9f0580000 - 0x00007ff9f05a7000 	C:\Windows\SYSTEM32\WINMM.dll
0x00007ff9fdb50000 - 0x00007ff9fdbbb000 	C:\Windows\System32\WS2_32.dll
0x00007ff9f37a0000 - 0x00007ff9f37aa000 	C:\Windows\SYSTEM32\VERSION.dll
0x00007ff9f9390000 - 0x00007ff9f93a2000 	C:\Windows\SYSTEM32\kernel.appcore.dll
0x00007ff9f67c0000 - 0x00007ff9f67d1000 	C:\Program Files\Android\Android Studio\jre\bin\verify.dll
0x00007ff9e8300000 - 0x00007ff9e84e4000 	C:\Windows\SYSTEM32\DBGHELP.DLL
0x00007ff9e7e50000 - 0x00007ff9e7e7c000 	C:\Windows\SYSTEM32\dbgcore.DLL
0x00007ff9fb970000 - 0x00007ff9fb9f2000 	C:\Windows\System32\bcryptPrimitives.dll
0x00007ff9f2d70000 - 0x00007ff9f2d99000 	C:\Program Files\Android\Android Studio\jre\bin\java.dll
0x00007ff9f7540000 - 0x00007ff9f754b000 	C:\Program Files\Android\Android Studio\jre\bin\jimage.dll
0x00007ff9f57c0000 - 0x00007ff9f57d8000 	C:\Program Files\Android\Android Studio\jre\bin\zip.dll

dbghelp: loaded successfully - version: 4.0.5 - missing functions: none
symbol engine: initialized successfully - sym options: 0x614 - pdb path: .;C:\Program Files\Android\Android Studio\jre\bin;C:\Windows\SYSTEM32;C:\Windows\WinSxS\amd64_microsoft.windows.common-controls_6595b64144ccf1df_6.0.19041.1110_none_60b5254171f9507e;C:\Program Files\Android\Android Studio\jre\bin\server

VM Arguments:
java_command: org.jetbrains.kotlin.cli.jvm.K2JVMCompiler @E:\2n DAM-VIOD\StreamComics\app\build\20221217_11748688197495105386.compiler.options
java_class_path (initial): C:\Users\Carlos Sánchez Abad\.gradle\caches\modules-2\files-2.1\org.jetbrains.kotlin\kotlin-compiler-embeddable\1.6.10\88f2073f4020cdb83132cfe940ceb9a60aba54ea\kotlin-compiler-embeddable-1.6.10.jar;C:\Users\Carlos Sánchez Abad\.gradle\caches\modules-2\files-2.1\org.jetbrains.kotlin\kotlin-reflect\1.6.10\1cbe9c92c12a94eea200d23c2bbaedaf3daf5132\kotlin-reflect-1.6.10.jar;C:\Users\Carlos Sánchez Abad\.gradle\caches\modules-2\files-2.1\org.jetbrains.kotlin\kotlin-stdlib\1.6.10\b8af3fe6f1ca88526914929add63cf5e7c5049af\kotlin-stdlib-1.6.10.jar;C:\Users\Carlos Sánchez Abad\.gradle\caches\modules-2\files-2.1\org.jetbrains.kotlin\kotlin-script-runtime\1.6.10\d0a7ff2e2500ef497ed0214ae40ad3c8387a6164\kotlin-script-runtime-1.6.10.jar;C:\Users\Carlos Sánchez Abad\.gradle\caches\modules-2\files-2.1\org.jetbrains.kotlin\kotlin-daemon-embeddable\1.6.10\a56d79bcbea411fa6058e4ecffc2de73e742bd2a\kotlin-daemon-embeddable-1.6.10.jar;C:\Users\Carlos Sánchez Abad\.gradle\caches\modules-2\files-2.1\org.jetbrains.intellij.deps\trove4j\1.0.20181211\216c2e14b070f334479d800987affe4054cd563f\trove4j-1.0.20181211.jar;C:\Users\Carlos Sánchez Abad\.gradle\caches\modules-2\files-2.1\net.java.dev.jna\jna\5.6.0\330f2244e9030119ab3030fc3fededc86713d9cc\jna-5.6.0.jar;C:\Users\Carlos Sánchez Abad\.gradle\caches\modules-2\files-2.1\org.jetbrains\annotations\13.0\919f0dfe192fb4e063e7dacadee7f8bb9a2672a9\annotations-13.0.jar;C:\Users\Carlos Sánchez Abad\.gradle\caches\modules-2\files-2.1\org.jetbrains.kotlin\kotlin-stdlib-common\1.6.10\c118700e3a33c8a0d9adc920e9dec0831171925\kotlin-stdlib-common-1.6.10.jar
Launcher Type: SUN_STANDARD

[Global flags]
     intx CICompilerCount                          = 4                                         {product} {ergonomic}
     uint ConcGCThreads                            = 3                                         {product} {ergonomic}
     uint G1ConcRefinementThreads                  = 10                                        {product} {ergonomic}
   size_t G1HeapRegionSize                         = 1048576                                   {product} {ergonomic}
    uintx GCDrainStackTargetSize                   = 64                                        {product} {ergonomic}
   size_t InitialHeapSize                          = 123731968                                 {product} {ergonomic}
   size_t MarkStackSize                            = 4194304                                   {product} {ergonomic}
   size_t MaxHeapSize                              = 1973420032                                {product} {ergonomic}
   size_t MinHeapDeltaBytes                        = 1048576                                   {product} {ergonomic}
    uintx NonNMethodCodeHeapSize                   = 5836300                                {pd product} {ergonomic}
    uintx NonProfiledCodeHeapSize                  = 122910970                              {pd product} {ergonomic}
    uintx ProfiledCodeHeapSize                     = 122910970                              {pd product} {ergonomic}
    uintx ReservedCodeCacheSize                    = 251658240                              {pd product} {ergonomic}
     bool SegmentedCodeCache                       = true                                      {product} {ergonomic}
     bool UseCompressedClassPointers               = true                                 {lp64_product} {ergonomic}
     bool UseCompressedOops                        = true                                 {lp64_product} {ergonomic}
     bool UseG1GC                                  = true                                      {product} {ergonomic}
     bool UseLargePagesIndividualAllocation        = false                                  {pd product} {ergonomic}

Logging:
Log output configuration:
 #0: stdout all=warning uptime,level,tags
 #1: stderr all=off uptime,level,tags

Environment Variables:
PATH=C:\Program Files\Microsoft\jdk-11.0.12.7-hotspot\bin;C:\Windows\system32;C:\Windows;C:\Windows\System32\Wbem;C:\Windows\System32\WindowsPowerShell\v1.0\;C:\Windows\System32\OpenSSH\;C:\Program Files\PuTTY\;C:\Program Files\Microsoft SQL Server\120\Tools\Binn\;C:\Program Files\dotnet\;C:\Program Files\Microsoft SQL Server\150\Tools\Binn\;C:\Program Files\Microsoft SQL Server\Client SDK\ODBC\170\Tools\Binn\;C:\Program Files\Git\cmd;C:\Users\Carlos Sánchez Abad\AppData\Local\GitHubDesktop\app-3.0.3\resources\app\git\cmd;C:\Users\Carlos Sánchez Abad\AppData\Local\Microsoft\WindowsApps;C:\Users\Carlos Sánchez Abad\AppData\Local\Programs\Microsoft VS Code\bin;C:\Users\Carlos Sánchez Abad\AppData\Local\GitHubDesktop\bin;C:\Users\Carlos Sánchez Abad\.dotnet\tools;C:\Users\Carlos Sánchez Abad\AppData\Local\GitHubDesktop\app-3.0.3\resources\app\git\cmd;
USERNAME=Carlos Sánchez Abad
OS=Windows_NT
PROCESSOR_IDENTIFIER=AMD64 Family 25 Model 80 Stepping 0, AuthenticAMD



---------------  S Y S T E M  ---------------

OS: Windows 10 , 64 bit Build 19041 (10.0.19041.2251)
OS uptime: 0 days 1:39 hours

CPU:total 12 (initial active 12) (12 cores per cpu, 2 threads per core) family 25 model 80 stepping 0 microcode 0x0, cmov, cx8, fxsr, mmx, sse, sse2, sse3, ssse3, sse4.1, sse4.2, popcnt, avx, avx2, aes, clmul, erms, mmxext, 3dnowpref, lzcnt, sse4a, ht, tsc, tscinvbit, tscinv, bmi1, bmi2, adx, sha, fma

Memory: 4k page, system-wide physical 7524M (373M free)
TotalPageFile size 12790M (AvailPageFile size 27M)
current process WorkingSet (physical memory assigned to process): 10M, peak: 10M
current process commit charge ("private bytes"): 63M, peak: 181M

vm_info: OpenJDK 64-Bit Server VM (11.0.12+7-b1504.28-7817840) for windows-amd64 JRE (11.0.12+7-b1504.28-7817840), built on Oct 13 2021 22:12:33 by "builder" with MS VC++ 14.0 (VS2015)

END.
